This file contains any messages produced by compilers while
running configure, to aid debugging if configure makes a mistake.

It was created by certificate-transparency configure 0.9, which was
generated by GNU Autoconf 2.69.  Invocation command line was

  $ ./configure GMOCK_DIR=/mnt/c/Github/metal/ct/googlemock PROTOC=/mnt/c/Github/metal/ct/install/bin/protoc PKG_CONFIG_PATH=/mnt/c/Github/metal/ct/install/lib/pkgconfig CPPFLAGS=-I/mnt/c/Github/metal/ct/install/include -I/mnt/c/Github/metal/ct/certificate-transparency/third_party/objecthash  CXXFLAGS= -Wall -Werror  -Qunused-arguments LDFLAGS=-L/mnt/c/Github/metal/ct/install/lib -L/mnt/c/Github/metal/ct/certificate-transparency/third_party/objecthash  -Wl,-rpath=/mnt/c/Github/metal/ct/install/lib LIBS=-lunwind INSTALL_DIR=/mnt/c/Github/metal/ct/install

## --------- ##
## Platform. ##
## --------- ##

hostname = LAPTOP-U0EVOPHL
uname -m = x86_64
uname -r = 4.4.0-17134-Microsoft
uname -s = Linux
uname -v = #345-Microsoft Wed Sep 19 17:47:00 PST 2018

/usr/bin/uname -p = unknown
/bin/uname -X     = unknown

/bin/arch              = unknown
/usr/bin/arch -k       = unknown
/usr/convex/getsysinfo = unknown
/usr/bin/hostinfo      = unknown
/bin/machine           = unknown
/usr/bin/oslevel       = unknown
/bin/universe          = unknown

PATH: /mnt/c/Github/metal/ct/install/bin
PATH: /home/vphan/.opam/4.06.0/bin
PATH: /home/vphan/bin
PATH: /home/vphan/.local/bin
PATH: /usr/local/sbin
PATH: /usr/local/bin
PATH: /usr/sbin
PATH: /usr/bin
PATH: /sbin
PATH: /bin
PATH: /usr/games
PATH: /usr/local/games
PATH: /mnt/c/Program Files (x86)/Common Files/Oracle/Java/javapath_target_638078
PATH: /mnt/c/ProgramData/Oracle/Java/javapath_target_668250
PATH: /mnt/c/Windows/System32
PATH: /mnt/c/Windows
PATH: /mnt/c/Windows/System32/wbem
PATH: /mnt/c/Windows/System32/WindowsPowerShell/v1.0
PATH: /mnt/c/Windows/System32/OpenSSH
PATH: /mnt/c/Users/vphan/AppData/Local/Microsoft/WindowsApps
PATH: /mnt/c/Program Files (x86)/Nmap
PATH: /mnt/c/Github/depot_tools


## ----------- ##
## Core tests. ##
## ----------- ##

configure:2578: checking for a BSD-compatible install
configure:2646: result: /usr/bin/install -c
configure:2657: checking whether build environment is sane
configure:2712: result: yes
configure:2863: checking for a thread-safe mkdir -p
configure:2902: result: /bin/mkdir -p
configure:2909: checking for gawk
configure:2925: found /usr/bin/gawk
configure:2936: result: gawk
configure:2947: checking whether make sets $(MAKE)
configure:2969: result: yes
configure:2998: checking whether make supports nested variables
configure:3015: result: yes
configure:3156: checking whether make supports nested variables
configure:3173: result: yes
configure:3209: checking for gawk
configure:3236: result: gawk
configure:3359: checking for C++ compiler version
configure:3368: clang++ --version >&5
clang version 3.8.0-2ubuntu4 (tags/RELEASE_380/final)
Target: x86_64-pc-linux-gnu
Thread model: posix
InstalledDir: /usr/bin
configure:3379: $? = 0
configure:3368: clang++ -v >&5
clang version 3.8.0-2ubuntu4 (tags/RELEASE_380/final)
Target: x86_64-pc-linux-gnu
Thread model: posix
InstalledDir: /usr/bin
Found candidate GCC installation: /usr/bin/../lib/gcc/x86_64-linux-gnu/5.4.0
Found candidate GCC installation: /usr/bin/../lib/gcc/x86_64-linux-gnu/6.0.0
Found candidate GCC installation: /usr/lib/gcc/x86_64-linux-gnu/5.4.0
Found candidate GCC installation: /usr/lib/gcc/x86_64-linux-gnu/6.0.0
Selected GCC installation: /usr/bin/../lib/gcc/x86_64-linux-gnu/5.4.0
Candidate multilib: .;@m64
... rest of stderr output deleted ...
configure:3379: $? = 0
configure:3368: clang++ -V >&5
clang: error: argument to '-V' is missing (expected 1 value)
clang: error: no input files
configure:3379: $? = 1
configure:3368: clang++ -qversion >&5
clang: error: unknown argument: '-qversion'
clang: error: no input files
configure:3379: $? = 1
configure:3399: checking whether the C++ compiler works
configure:3421: clang++  -Wall -Werror  -Qunused-arguments -I/mnt/c/Github/metal/ct/install/include -I/mnt/c/Github/metal/ct/certificate-transparency/third_party/objecthash  -L/mnt/c/Github/metal/ct/install/lib -L/mnt/c/Github/metal/ct/certificate-transparency/third_party/objecthash  -Wl,-rpath=/mnt/c/Github/metal/ct/install/lib conftest.cpp -lunwind >&5
configure:3425: $? = 0
configure:3473: result: yes
configure:3476: checking for C++ compiler default output file name
configure:3478: result: a.out
configure:3484: checking for suffix of executables
configure:3491: clang++ -o conftest  -Wall -Werror  -Qunused-arguments -I/mnt/c/Github/metal/ct/install/include -I/mnt/c/Github/metal/ct/certificate-transparency/third_party/objecthash  -L/mnt/c/Github/metal/ct/install/lib -L/mnt/c/Github/metal/ct/certificate-transparency/third_party/objecthash  -Wl,-rpath=/mnt/c/Github/metal/ct/install/lib conftest.cpp -lunwind >&5
configure:3495: $? = 0
configure:3517: result: 
configure:3539: checking whether we are cross compiling
configure:3547: clang++ -o conftest  -Wall -Werror  -Qunused-arguments -I/mnt/c/Github/metal/ct/install/include -I/mnt/c/Github/metal/ct/certificate-transparency/third_party/objecthash  -L/mnt/c/Github/metal/ct/install/lib -L/mnt/c/Github/metal/ct/certificate-transparency/third_party/objecthash  -Wl,-rpath=/mnt/c/Github/metal/ct/install/lib conftest.cpp -lunwind >&5
configure:3551: $? = 0
configure:3558: ./conftest
configure:3562: $? = 0
configure:3577: result: no
configure:3582: checking for suffix of object files
configure:3604: clang++ -c  -Wall -Werror  -Qunused-arguments -I/mnt/c/Github/metal/ct/install/include -I/mnt/c/Github/metal/ct/certificate-transparency/third_party/objecthash  conftest.cpp >&5
configure:3608: $? = 0
configure:3629: result: o
configure:3633: checking whether we are using the GNU C++ compiler
configure:3652: clang++ -c  -Wall -Werror  -Qunused-arguments -I/mnt/c/Github/metal/ct/install/include -I/mnt/c/Github/metal/ct/certificate-transparency/third_party/objecthash  conftest.cpp >&5
configure:3652: $? = 0
configure:3661: result: yes
configure:3670: checking whether clang++ accepts -g
configure:3690: clang++ -c -g -I/mnt/c/Github/metal/ct/install/include -I/mnt/c/Github/metal/ct/certificate-transparency/third_party/objecthash  conftest.cpp >&5
configure:3690: $? = 0
configure:3731: result: yes
configure:3765: checking for style of include used by make
configure:3793: result: GNU
configure:3819: checking dependency style of clang++
configure:3930: result: gcc3
configure:3993: checking for gcc
configure:4020: result: clang
configure:4249: checking for C compiler version
configure:4258: clang --version >&5
clang version 3.8.0-2ubuntu4 (tags/RELEASE_380/final)
Target: x86_64-pc-linux-gnu
Thread model: posix
InstalledDir: /usr/bin
configure:4269: $? = 0
configure:4258: clang -v >&5
clang version 3.8.0-2ubuntu4 (tags/RELEASE_380/final)
Target: x86_64-pc-linux-gnu
Thread model: posix
InstalledDir: /usr/bin
Found candidate GCC installation: /usr/bin/../lib/gcc/x86_64-linux-gnu/5.4.0
Found candidate GCC installation: /usr/bin/../lib/gcc/x86_64-linux-gnu/6.0.0
Found candidate GCC installation: /usr/lib/gcc/x86_64-linux-gnu/5.4.0
Found candidate GCC installation: /usr/lib/gcc/x86_64-linux-gnu/6.0.0
Selected GCC installation: /usr/bin/../lib/gcc/x86_64-linux-gnu/5.4.0
Candidate multilib: .;@m64
... rest of stderr output deleted ...
configure:4269: $? = 0
configure:4258: clang -V >&5
clang: error: argument to '-V' is missing (expected 1 value)
clang: error: no input files
configure:4269: $? = 1
configure:4258: clang -qversion >&5
clang: error: unknown argument: '-qversion'
clang: error: no input files
configure:4269: $? = 1
configure:4273: checking whether we are using the GNU C compiler
configure:4292: clang -c  -I/mnt/c/Github/metal/ct/install/include -I/mnt/c/Github/metal/ct/certificate-transparency/third_party/objecthash  conftest.c >&5
configure:4292: $? = 0
configure:4301: result: yes
configure:4310: checking whether clang accepts -g
configure:4330: clang -c -g -I/mnt/c/Github/metal/ct/install/include -I/mnt/c/Github/metal/ct/certificate-transparency/third_party/objecthash  conftest.c >&5
configure:4330: $? = 0
configure:4371: result: yes
configure:4388: checking for clang option to accept ISO C89
configure:4451: clang  -c -g -O2 -I/mnt/c/Github/metal/ct/install/include -I/mnt/c/Github/metal/ct/certificate-transparency/third_party/objecthash  conftest.c >&5
configure:4451: $? = 0
configure:4464: result: none needed
configure:4489: checking whether clang understands -c and -o together
configure:4511: clang -c conftest.c -o conftest2.o
configure:4514: $? = 0
configure:4511: clang -c conftest.c -o conftest2.o
configure:4514: $? = 0
configure:4526: result: yes
configure:4545: checking dependency style of clang
configure:4656: result: gcc3
configure:4677: checking how to run the C preprocessor
configure:4708: clang -E -I/mnt/c/Github/metal/ct/install/include -I/mnt/c/Github/metal/ct/certificate-transparency/third_party/objecthash  conftest.c
configure:4708: $? = 0
configure:4722: clang -E -I/mnt/c/Github/metal/ct/install/include -I/mnt/c/Github/metal/ct/certificate-transparency/third_party/objecthash  conftest.c
conftest.c:11:10: fatal error: 'ac_nonexistent.h' file not found
#include <ac_nonexistent.h>
         ^
1 error generated.
configure:4722: $? = 1
configure: failed program was:
| /* confdefs.h */
| #define PACKAGE_NAME "certificate-transparency"
| #define PACKAGE_TARNAME "certificate-transparency"
| #define PACKAGE_VERSION "0.9"
| #define PACKAGE_STRING "certificate-transparency 0.9"
| #define PACKAGE_BUGREPORT "certificate-transparency@googlegroups.com"
| #define PACKAGE_URL ""
| #define PACKAGE "certificate-transparency"
| #define VERSION "0.9"
| /* end confdefs.h.  */
| #include <ac_nonexistent.h>
configure:4747: result: clang -E
configure:4767: clang -E -I/mnt/c/Github/metal/ct/install/include -I/mnt/c/Github/metal/ct/certificate-transparency/third_party/objecthash  conftest.c
configure:4767: $? = 0
configure:4781: clang -E -I/mnt/c/Github/metal/ct/install/include -I/mnt/c/Github/metal/ct/certificate-transparency/third_party/objecthash  conftest.c
conftest.c:11:10: fatal error: 'ac_nonexistent.h' file not found
#include <ac_nonexistent.h>
         ^
1 error generated.
configure:4781: $? = 1
configure: failed program was:
| /* confdefs.h */
| #define PACKAGE_NAME "certificate-transparency"
| #define PACKAGE_TARNAME "certificate-transparency"
| #define PACKAGE_VERSION "0.9"
| #define PACKAGE_STRING "certificate-transparency 0.9"
| #define PACKAGE_BUGREPORT "certificate-transparency@googlegroups.com"
| #define PACKAGE_URL ""
| #define PACKAGE "certificate-transparency"
| #define VERSION "0.9"
| /* end confdefs.h.  */
| #include <ac_nonexistent.h>
configure:4809: checking whether ln -s works
configure:4813: result: yes
configure:4863: checking for ranlib
configure:4879: found /usr/bin/ranlib
configure:4890: result: ranlib
configure:4962: checking for ar
configure:4978: found /usr/bin/ar
configure:4989: result: ar
configure:5015: checking the archiver (ar) interface
configure:5031: clang -c -g -O2 -I/mnt/c/Github/metal/ct/install/include -I/mnt/c/Github/metal/ct/certificate-transparency/third_party/objecthash  conftest.c >&5
configure:5031: $? = 0
configure:5033: ar cru libconftest.a conftest.o >&5
ar: `u' modifier ignored since `D' is the default (see `U')
configure:5036: $? = 0
configure:5064: result: ar
configure:5092: checking whether clang++ supports C++11 features by default
configure:5149: clang++ -c  -Wall -Werror  -Qunused-arguments -I/mnt/c/Github/metal/ct/install/include -I/mnt/c/Github/metal/ct/certificate-transparency/third_party/objecthash  conftest.cpp >&5
conftest.cpp:15:21: error: expected parameter declarator
      static_assert(sizeof(int) <= sizeof(T), "not big enough");
                    ^
conftest.cpp:15:21: error: expected ')'
conftest.cpp:15:20: note: to match this '('
      static_assert(sizeof(int) <= sizeof(T), "not big enough");
                   ^
conftest.cpp:15:7: error: C++ requires a type specifier for all declarations
      static_assert(sizeof(int) <= sizeof(T), "not big enough");
      ^
conftest.cpp:22:22: error: 'override' keyword is a C++11 extension [-Werror,-Wc++11-extensions]
    virtual void f() override {}
                     ^
conftest.cpp:25:29: error: a space is required between consecutive right angle brackets (use '> >')
    typedef check<check<bool>> right_angle_brackets;
                            ^~
                            > >
conftest.cpp:28:5: error: unknown type name 'decltype'
    decltype(a) b;
    ^
conftest.cpp:28:16: error: expected ';' after top level declarator
    decltype(a) b;
               ^
               ;
conftest.cpp:32:15: error: rvalue references are a C++11 extension [-Werror,-Wc++11-extensions]
    check_type&& cr = static_cast<check_type&&>(c);
              ^
conftest.cpp:32:45: error: rvalue references are a C++11 extension [-Werror,-Wc++11-extensions]
    check_type&& cr = static_cast<check_type&&>(c);
                                            ^
conftest.cpp:34:5: error: 'auto' type specifier is a C++11 extension [-Werror,-Wc++11-extensions]
    auto d = a;
    ^
conftest.cpp:35:5: error: 'auto' type specifier is a C++11 extension [-Werror,-Wc++11-extensions]
    auto l = [](){};
    ^
conftest.cpp:35:14: error: expected expression
    auto l = [](){};
             ^
conftest.cpp:45:24: error: alias declarations are a C++11 extension [-Werror,-Wc++11-extensions]
        using member = typename T::member_type;
                       ^
13 errors generated.
configure:5149: $? = 1
configure: failed program was:
| /* confdefs.h */
| #define PACKAGE_NAME "certificate-transparency"
| #define PACKAGE_TARNAME "certificate-transparency"
| #define PACKAGE_VERSION "0.9"
| #define PACKAGE_STRING "certificate-transparency 0.9"
| #define PACKAGE_BUGREPORT "certificate-transparency@googlegroups.com"
| #define PACKAGE_URL ""
| #define PACKAGE "certificate-transparency"
| #define VERSION "0.9"
| /* end confdefs.h.  */
| 
|   template <typename T>
|     struct check
|     {
|       static_assert(sizeof(int) <= sizeof(T), "not big enough");
|     };
| 
|     struct Base {
|     virtual void f() {}
|     };
|     struct Child : public Base {
|     virtual void f() override {}
|     };
| 
|     typedef check<check<bool>> right_angle_brackets;
| 
|     int a;
|     decltype(a) b;
| 
|     typedef check<int> check_type;
|     check_type c;
|     check_type&& cr = static_cast<check_type&&>(c);
| 
|     auto d = a;
|     auto l = [](){};
|     // Prevent Clang error: unused variable 'l' [-Werror,-Wunused-variable]
|     struct use_l { use_l() { l(); } };
| 
|     // http://stackoverflow.com/questions/13728184/template-aliases-and-sfinae
|     // Clang 3.1 fails with headers of libstd++ 4.8.3 when using std::function because of this
|     namespace test_template_alias_sfinae {
|         struct foo {};
| 
|         template<typename T>
|         using member = typename T::member_type;
| 
|         template<typename T>
|         void func(...) {}
| 
|         template<typename T>
|         void func(member<T>*) {}
| 
|         void test();
| 
|         void test() {
|             func<foo>(0);
|         }
|     }
| 
configure:5156: result: no
configure:5165: checking whether clang++ supports C++11 features with -std=gnu++11
configure:5224: clang++ -c  -Wall -Werror  -Qunused-arguments -std=gnu++11 -I/mnt/c/Github/metal/ct/install/include -I/mnt/c/Github/metal/ct/certificate-transparency/third_party/objecthash  conftest.cpp >&5
configure:5224: $? = 0
configure:5233: result: yes
configure:5403: checking for pkg-config
configure:5421: found /usr/bin/pkg-config
configure:5433: result: /usr/bin/pkg-config
configure:5458: checking pkg-config is at least version 0.9.0
configure:5461: result: yes
configure:5471: checking for json_c
configure:5478: $PKG_CONFIG --exists --print-errors "json-c"
configure:5481: $? = 0
configure:5495: $PKG_CONFIG --exists --print-errors "json-c"
configure:5498: $? = 0
configure:5556: result: yes
configure:5562: checking for evhtp
configure:5569: $PKG_CONFIG --exists --print-errors "evhtp"
configure:5572: $? = 0
configure:5586: $PKG_CONFIG --exists --print-errors "evhtp"
configure:5589: $? = 0
configure:5647: result: yes
configure:5699: checking for protoc
configure:5729: result: /mnt/c/Github/metal/ct/install/bin/protoc
configure:5742: checking for sys/types.h
configure:5742: clang++ -c  -Wall -Werror  -Qunused-arguments -std=gnu++11 -Qunused-arguments -fstack-protector-all -fPIC -Wa,--noexecstack -Wformat -Wformat-security -I/mnt/c/Github/metal/ct/install/include -I/mnt/c/Github/metal/ct/certificate-transparency/third_party/objecthash  -D_FORTIFY_SOURCE=2 conftest.cpp >&5
configure:5742: $? = 0
configure:5742: result: yes
configure:5742: checking for netinet/in.h
configure:5742: clang++ -c  -Wall -Werror  -Qunused-arguments -std=gnu++11 -Qunused-arguments -fstack-protector-all -fPIC -Wa,--noexecstack -Wformat -Wformat-security -I/mnt/c/Github/metal/ct/install/include -I/mnt/c/Github/metal/ct/certificate-transparency/third_party/objecthash  -D_FORTIFY_SOURCE=2 conftest.cpp >&5
configure:5742: $? = 0
configure:5742: result: yes
configure:5742: checking for arpa/nameser.h
configure:5742: clang++ -c  -Wall -Werror  -Qunused-arguments -std=gnu++11 -Qunused-arguments -fstack-protector-all -fPIC -Wa,--noexecstack -Wformat -Wformat-security -I/mnt/c/Github/metal/ct/install/include -I/mnt/c/Github/metal/ct/certificate-transparency/third_party/objecthash  -D_FORTIFY_SOURCE=2 conftest.cpp >&5
configure:5742: $? = 0
configure:5742: result: yes
configure:5742: checking for netdb.h
configure:5742: clang++ -c  -Wall -Werror  -Qunused-arguments -std=gnu++11 -Qunused-arguments -fstack-protector-all -fPIC -Wa,--noexecstack -Wformat -Wformat-security -I/mnt/c/Github/metal/ct/install/include -I/mnt/c/Github/metal/ct/certificate-transparency/third_party/objecthash  -D_FORTIFY_SOURCE=2 conftest.cpp >&5
configure:5742: $? = 0
configure:5742: result: yes
configure:5742: checking for resolv.h
configure:5742: clang++ -c  -Wall -Werror  -Qunused-arguments -std=gnu++11 -Qunused-arguments -fstack-protector-all -fPIC -Wa,--noexecstack -Wformat -Wformat-security -I/mnt/c/Github/metal/ct/install/include -I/mnt/c/Github/metal/ct/certificate-transparency/third_party/objecthash  -D_FORTIFY_SOURCE=2 conftest.cpp >&5
configure:5742: $? = 0
configure:5742: result: yes
configure:5770: checking how to run the C++ preprocessor
configure:5797: clang++ -E -I/mnt/c/Github/metal/ct/install/include -I/mnt/c/Github/metal/ct/certificate-transparency/third_party/objecthash  -D_FORTIFY_SOURCE=2 conftest.cpp
configure:5797: $? = 0
configure:5811: clang++ -E -I/mnt/c/Github/metal/ct/install/include -I/mnt/c/Github/metal/ct/certificate-transparency/third_party/objecthash  -D_FORTIFY_SOURCE=2 conftest.cpp
conftest.cpp:17:10: fatal error: 'ac_nonexistent.h' file not found
#include <ac_nonexistent.h>
         ^
1 error generated.
configure:5811: $? = 1
configure: failed program was:
| /* confdefs.h */
| #define PACKAGE_NAME "certificate-transparency"
| #define PACKAGE_TARNAME "certificate-transparency"
| #define PACKAGE_VERSION "0.9"
| #define PACKAGE_STRING "certificate-transparency 0.9"
| #define PACKAGE_BUGREPORT "certificate-transparency@googlegroups.com"
| #define PACKAGE_URL ""
| #define PACKAGE "certificate-transparency"
| #define VERSION "0.9"
| #define ENABLE_HARDENING /**/
| #define HAVE_SYS_TYPES_H 1
| #define HAVE_NETINET_IN_H 1
| #define HAVE_ARPA_NAMESER_H 1
| #define HAVE_NETDB_H 1
| #define HAVE_RESOLV_H 1
| /* end confdefs.h.  */
| #include <ac_nonexistent.h>
configure:5836: result: clang++ -E
configure:5856: clang++ -E -I/mnt/c/Github/metal/ct/install/include -I/mnt/c/Github/metal/ct/certificate-transparency/third_party/objecthash  -D_FORTIFY_SOURCE=2 conftest.cpp
configure:5856: $? = 0
configure:5870: clang++ -E -I/mnt/c/Github/metal/ct/install/include -I/mnt/c/Github/metal/ct/certificate-transparency/third_party/objecthash  -D_FORTIFY_SOURCE=2 conftest.cpp
conftest.cpp:17:10: fatal error: 'ac_nonexistent.h' file not found
#include <ac_nonexistent.h>
         ^
1 error generated.
configure:5870: $? = 1
configure: failed program was:
| /* confdefs.h */
| #define PACKAGE_NAME "certificate-transparency"
| #define PACKAGE_TARNAME "certificate-transparency"
| #define PACKAGE_VERSION "0.9"
| #define PACKAGE_STRING "certificate-transparency 0.9"
| #define PACKAGE_BUGREPORT "certificate-transparency@googlegroups.com"
| #define PACKAGE_URL ""
| #define PACKAGE "certificate-transparency"
| #define VERSION "0.9"
| #define ENABLE_HARDENING /**/
| #define HAVE_SYS_TYPES_H 1
| #define HAVE_NETINET_IN_H 1
| #define HAVE_ARPA_NAMESER_H 1
| #define HAVE_NETDB_H 1
| #define HAVE_RESOLV_H 1
| /* end confdefs.h.  */
| #include <ac_nonexistent.h>
configure:5899: checking for grep that handles long lines and -e
configure:5957: result: /bin/grep
configure:5962: checking for egrep
configure:6024: result: /bin/grep -E
configure:6029: checking for ANSI C header files
configure:6049: clang++ -c  -Wall -Werror  -Qunused-arguments -std=gnu++11 -Qunused-arguments -fstack-protector-all -fPIC -Wa,--noexecstack -Wformat -Wformat-security -I/mnt/c/Github/metal/ct/install/include -I/mnt/c/Github/metal/ct/certificate-transparency/third_party/objecthash  -D_FORTIFY_SOURCE=2 conftest.cpp >&5
configure:6049: $? = 0
configure:6122: clang++ -o conftest  -Wall -Werror  -Qunused-arguments -std=gnu++11 -Qunused-arguments -fstack-protector-all -fPIC -Wa,--noexecstack -Wformat -Wformat-security -I/mnt/c/Github/metal/ct/install/include -I/mnt/c/Github/metal/ct/certificate-transparency/third_party/objecthash  -D_FORTIFY_SOURCE=2 -L/mnt/c/Github/metal/ct/install/lib -L/mnt/c/Github/metal/ct/certificate-transparency/third_party/objecthash  -Wl,-rpath=/mnt/c/Github/metal/ct/install/lib -pie conftest.cpp -lunwind >&5
configure:6122: $? = 0
configure:6122: ./conftest
configure:6122: $? = 0
configure:6133: result: yes
configure:6146: checking for sys/types.h
configure:6146: result: yes
configure:6146: checking for sys/stat.h
configure:6146: clang++ -c  -Wall -Werror  -Qunused-arguments -std=gnu++11 -Qunused-arguments -fstack-protector-all -fPIC -Wa,--noexecstack -Wformat -Wformat-security -I/mnt/c/Github/metal/ct/install/include -I/mnt/c/Github/metal/ct/certificate-transparency/third_party/objecthash  -D_FORTIFY_SOURCE=2 conftest.cpp >&5
configure:6146: $? = 0
configure:6146: result: yes
configure:6146: checking for stdlib.h
configure:6146: clang++ -c  -Wall -Werror  -Qunused-arguments -std=gnu++11 -Qunused-arguments -fstack-protector-all -fPIC -Wa,--noexecstack -Wformat -Wformat-security -I/mnt/c/Github/metal/ct/install/include -I/mnt/c/Github/metal/ct/certificate-transparency/third_party/objecthash  -D_FORTIFY_SOURCE=2 conftest.cpp >&5
configure:6146: $? = 0
configure:6146: result: yes
configure:6146: checking for string.h
configure:6146: clang++ -c  -Wall -Werror  -Qunused-arguments -std=gnu++11 -Qunused-arguments -fstack-protector-all -fPIC -Wa,--noexecstack -Wformat -Wformat-security -I/mnt/c/Github/metal/ct/install/include -I/mnt/c/Github/metal/ct/certificate-transparency/third_party/objecthash  -D_FORTIFY_SOURCE=2 conftest.cpp >&5
configure:6146: $? = 0
configure:6146: result: yes
configure:6146: checking for memory.h
configure:6146: clang++ -c  -Wall -Werror  -Qunused-arguments -std=gnu++11 -Qunused-arguments -fstack-protector-all -fPIC -Wa,--noexecstack -Wformat -Wformat-security -I/mnt/c/Github/metal/ct/install/include -I/mnt/c/Github/metal/ct/certificate-transparency/third_party/objecthash  -D_FORTIFY_SOURCE=2 conftest.cpp >&5
configure:6146: $? = 0
configure:6146: result: yes
configure:6146: checking for strings.h
configure:6146: clang++ -c  -Wall -Werror  -Qunused-arguments -std=gnu++11 -Qunused-arguments -fstack-protector-all -fPIC -Wa,--noexecstack -Wformat -Wformat-security -I/mnt/c/Github/metal/ct/install/include -I/mnt/c/Github/metal/ct/certificate-transparency/third_party/objecthash  -D_FORTIFY_SOURCE=2 conftest.cpp >&5
configure:6146: $? = 0
configure:6146: result: yes
configure:6146: checking for inttypes.h
configure:6146: clang++ -c  -Wall -Werror  -Qunused-arguments -std=gnu++11 -Qunused-arguments -fstack-protector-all -fPIC -Wa,--noexecstack -Wformat -Wformat-security -I/mnt/c/Github/metal/ct/install/include -I/mnt/c/Github/metal/ct/certificate-transparency/third_party/objecthash  -D_FORTIFY_SOURCE=2 conftest.cpp >&5
configure:6146: $? = 0
configure:6146: result: yes
configure:6146: checking for stdint.h
configure:6146: clang++ -c  -Wall -Werror  -Qunused-arguments -std=gnu++11 -Qunused-arguments -fstack-protector-all -fPIC -Wa,--noexecstack -Wformat -Wformat-security -I/mnt/c/Github/metal/ct/install/include -I/mnt/c/Github/metal/ct/certificate-transparency/third_party/objecthash  -D_FORTIFY_SOURCE=2 conftest.cpp >&5
configure:6146: $? = 0
configure:6146: result: yes
configure:6146: checking for unistd.h
configure:6146: clang++ -c  -Wall -Werror  -Qunused-arguments -std=gnu++11 -Qunused-arguments -fstack-protector-all -fPIC -Wa,--noexecstack -Wformat -Wformat-security -I/mnt/c/Github/metal/ct/install/include -I/mnt/c/Github/metal/ct/certificate-transparency/third_party/objecthash  -D_FORTIFY_SOURCE=2 conftest.cpp >&5
configure:6146: $? = 0
configure:6146: result: yes
configure:6161: checking arpa/inet.h usability
configure:6161: clang++ -c  -Wall -Werror  -Qunused-arguments -std=gnu++11 -Qunused-arguments -fstack-protector-all -fPIC -Wa,--noexecstack -Wformat -Wformat-security -I/mnt/c/Github/metal/ct/install/include -I/mnt/c/Github/metal/ct/certificate-transparency/third_party/objecthash  -D_FORTIFY_SOURCE=2 conftest.cpp >&5
configure:6161: $? = 0
configure:6161: result: yes
configure:6161: checking arpa/inet.h presence
configure:6161: clang++ -E -I/mnt/c/Github/metal/ct/install/include -I/mnt/c/Github/metal/ct/certificate-transparency/third_party/objecthash  -D_FORTIFY_SOURCE=2 conftest.cpp
configure:6161: $? = 0
configure:6161: result: yes
configure:6161: checking for arpa/inet.h
configure:6161: result: yes
configure:6161: checking fcntl.h usability
configure:6161: clang++ -c  -Wall -Werror  -Qunused-arguments -std=gnu++11 -Qunused-arguments -fstack-protector-all -fPIC -Wa,--noexecstack -Wformat -Wformat-security -I/mnt/c/Github/metal/ct/install/include -I/mnt/c/Github/metal/ct/certificate-transparency/third_party/objecthash  -D_FORTIFY_SOURCE=2 conftest.cpp >&5
configure:6161: $? = 0
configure:6161: result: yes
configure:6161: checking fcntl.h presence
configure:6161: clang++ -E -I/mnt/c/Github/metal/ct/install/include -I/mnt/c/Github/metal/ct/certificate-transparency/third_party/objecthash  -D_FORTIFY_SOURCE=2 conftest.cpp
configure:6161: $? = 0
configure:6161: result: yes
configure:6161: checking for fcntl.h
configure:6161: result: yes
configure:6161: checking limits.h usability
configure:6161: clang++ -c  -Wall -Werror  -Qunused-arguments -std=gnu++11 -Qunused-arguments -fstack-protector-all -fPIC -Wa,--noexecstack -Wformat -Wformat-security -I/mnt/c/Github/metal/ct/install/include -I/mnt/c/Github/metal/ct/certificate-transparency/third_party/objecthash  -D_FORTIFY_SOURCE=2 conftest.cpp >&5
configure:6161: $? = 0
configure:6161: result: yes
configure:6161: checking limits.h presence
configure:6161: clang++ -E -I/mnt/c/Github/metal/ct/install/include -I/mnt/c/Github/metal/ct/certificate-transparency/third_party/objecthash  -D_FORTIFY_SOURCE=2 conftest.cpp
configure:6161: $? = 0
configure:6161: result: yes
configure:6161: checking for limits.h
configure:6161: result: yes
configure:6161: checking for netinet/in.h
configure:6161: result: yes
configure:6161: checking stddef.h usability
configure:6161: clang++ -c  -Wall -Werror  -Qunused-arguments -std=gnu++11 -Qunused-arguments -fstack-protector-all -fPIC -Wa,--noexecstack -Wformat -Wformat-security -I/mnt/c/Github/metal/ct/install/include -I/mnt/c/Github/metal/ct/certificate-transparency/third_party/objecthash  -D_FORTIFY_SOURCE=2 conftest.cpp >&5
configure:6161: $? = 0
configure:6161: result: yes
configure:6161: checking stddef.h presence
configure:6161: clang++ -E -I/mnt/c/Github/metal/ct/install/include -I/mnt/c/Github/metal/ct/certificate-transparency/third_party/objecthash  -D_FORTIFY_SOURCE=2 conftest.cpp
configure:6161: $? = 0
configure:6161: result: yes
configure:6161: checking for stddef.h
configure:6161: result: yes
configure:6161: checking for stdint.h
configure:6161: result: yes
configure:6161: checking for stdlib.h
configure:6161: result: yes
configure:6161: checking for string.h
configure:6161: result: yes
configure:6161: checking sys/socket.h usability
configure:6161: clang++ -c  -Wall -Werror  -Qunused-arguments -std=gnu++11 -Qunused-arguments -fstack-protector-all -fPIC -Wa,--noexecstack -Wformat -Wformat-security -I/mnt/c/Github/metal/ct/install/include -I/mnt/c/Github/metal/ct/certificate-transparency/third_party/objecthash  -D_FORTIFY_SOURCE=2 conftest.cpp >&5
configure:6161: $? = 0
configure:6161: result: yes
configure:6161: checking sys/socket.h presence
configure:6161: clang++ -E -I/mnt/c/Github/metal/ct/install/include -I/mnt/c/Github/metal/ct/certificate-transparency/third_party/objecthash  -D_FORTIFY_SOURCE=2 conftest.cpp
configure:6161: $? = 0
configure:6161: result: yes
configure:6161: checking for sys/socket.h
configure:6161: result: yes
configure:6161: checking sys/time.h usability
configure:6161: clang++ -c  -Wall -Werror  -Qunused-arguments -std=gnu++11 -Qunused-arguments -fstack-protector-all -fPIC -Wa,--noexecstack -Wformat -Wformat-security -I/mnt/c/Github/metal/ct/install/include -I/mnt/c/Github/metal/ct/certificate-transparency/third_party/objecthash  -D_FORTIFY_SOURCE=2 conftest.cpp >&5
configure:6161: $? = 0
configure:6161: result: yes
configure:6161: checking sys/time.h presence
configure:6161: clang++ -E -I/mnt/c/Github/metal/ct/install/include -I/mnt/c/Github/metal/ct/certificate-transparency/third_party/objecthash  -D_FORTIFY_SOURCE=2 conftest.cpp
configure:6161: $? = 0
configure:6161: result: yes
configure:6161: checking for sys/time.h
configure:6161: result: yes
configure:6161: checking for unistd.h
configure:6161: result: yes
configure:6161: checking leveldb/filter_policy.h usability
configure:6161: clang++ -c  -Wall -Werror  -Qunused-arguments -std=gnu++11 -Qunused-arguments -fstack-protector-all -fPIC -Wa,--noexecstack -Wformat -Wformat-security -I/mnt/c/Github/metal/ct/install/include -I/mnt/c/Github/metal/ct/certificate-transparency/third_party/objecthash  -D_FORTIFY_SOURCE=2 conftest.cpp >&5
configure:6161: $? = 0
configure:6161: result: yes
configure:6161: checking leveldb/filter_policy.h presence
configure:6161: clang++ -E -I/mnt/c/Github/metal/ct/install/include -I/mnt/c/Github/metal/ct/certificate-transparency/third_party/objecthash  -D_FORTIFY_SOURCE=2 conftest.cpp
configure:6161: $? = 0
configure:6161: result: yes
configure:6161: checking for leveldb/filter_policy.h
configure:6161: result: yes
configure:6171: checking event2/event.h usability
configure:6171: clang++ -c  -Wall -Werror  -Qunused-arguments -std=gnu++11 -Qunused-arguments -fstack-protector-all -fPIC -Wa,--noexecstack -Wformat -Wformat-security -I/mnt/c/Github/metal/ct/install/include -I/mnt/c/Github/metal/ct/certificate-transparency/third_party/objecthash  -D_FORTIFY_SOURCE=2 conftest.cpp >&5
configure:6171: $? = 0
configure:6171: result: yes
configure:6171: checking event2/event.h presence
configure:6171: clang++ -E -I/mnt/c/Github/metal/ct/install/include -I/mnt/c/Github/metal/ct/certificate-transparency/third_party/objecthash  -D_FORTIFY_SOURCE=2 conftest.cpp
configure:6171: $? = 0
configure:6171: result: yes
configure:6171: checking for event2/event.h
configure:6171: result: yes
configure:6179: checking gflags/gflags.h usability
configure:6179: clang++ -c  -Wall -Werror  -Qunused-arguments -std=gnu++11 -Qunused-arguments -fstack-protector-all -fPIC -Wa,--noexecstack -Wformat -Wformat-security -I/mnt/c/Github/metal/ct/install/include -I/mnt/c/Github/metal/ct/certificate-transparency/third_party/objecthash  -D_FORTIFY_SOURCE=2 conftest.cpp >&5
configure:6179: $? = 0
configure:6179: result: yes
configure:6179: checking gflags/gflags.h presence
configure:6179: clang++ -E -I/mnt/c/Github/metal/ct/install/include -I/mnt/c/Github/metal/ct/certificate-transparency/third_party/objecthash  -D_FORTIFY_SOURCE=2 conftest.cpp
configure:6179: $? = 0
configure:6179: result: yes
configure:6179: checking for gflags/gflags.h
configure:6179: result: yes
configure:6187: checking glog/logging.h usability
configure:6187: clang++ -c  -Wall -Werror  -Qunused-arguments -std=gnu++11 -Qunused-arguments -fstack-protector-all -fPIC -Wa,--noexecstack -Wformat -Wformat-security -I/mnt/c/Github/metal/ct/install/include -I/mnt/c/Github/metal/ct/certificate-transparency/third_party/objecthash  -D_FORTIFY_SOURCE=2 conftest.cpp >&5
configure:6187: $? = 0
configure:6187: result: yes
configure:6187: checking glog/logging.h presence
configure:6187: clang++ -E -I/mnt/c/Github/metal/ct/install/include -I/mnt/c/Github/metal/ct/certificate-transparency/third_party/objecthash  -D_FORTIFY_SOURCE=2 conftest.cpp
configure:6187: $? = 0
configure:6187: result: yes
configure:6187: checking for glog/logging.h
configure:6187: result: yes
configure:6195: checking google/protobuf/message.h usability
configure:6195: clang++ -c  -Wall -Werror  -Qunused-arguments -std=gnu++11 -Qunused-arguments -fstack-protector-all -fPIC -Wa,--noexecstack -Wformat -Wformat-security -I/mnt/c/Github/metal/ct/install/include -I/mnt/c/Github/metal/ct/certificate-transparency/third_party/objecthash  -D_FORTIFY_SOURCE=2 conftest.cpp >&5
configure:6195: $? = 0
configure:6195: result: yes
configure:6195: checking google/protobuf/message.h presence
configure:6195: clang++ -E -I/mnt/c/Github/metal/ct/install/include -I/mnt/c/Github/metal/ct/certificate-transparency/third_party/objecthash  -D_FORTIFY_SOURCE=2 conftest.cpp
configure:6195: $? = 0
configure:6195: result: yes
configure:6195: checking for google/protobuf/message.h
configure:6195: result: yes
configure:6203: checking leveldb/db.h usability
configure:6203: clang++ -c  -Wall -Werror  -Qunused-arguments -std=gnu++11 -Qunused-arguments -fstack-protector-all -fPIC -Wa,--noexecstack -Wformat -Wformat-security -I/mnt/c/Github/metal/ct/install/include -I/mnt/c/Github/metal/ct/certificate-transparency/third_party/objecthash  -D_FORTIFY_SOURCE=2 conftest.cpp >&5
configure:6203: $? = 0
configure:6203: result: yes
configure:6203: checking leveldb/db.h presence
configure:6203: clang++ -E -I/mnt/c/Github/metal/ct/install/include -I/mnt/c/Github/metal/ct/certificate-transparency/third_party/objecthash  -D_FORTIFY_SOURCE=2 conftest.cpp
configure:6203: $? = 0
configure:6203: result: yes
configure:6203: checking for leveldb/db.h
configure:6203: result: yes
configure:6211: checking sqlite3.h usability
configure:6211: clang++ -c  -Wall -Werror  -Qunused-arguments -std=gnu++11 -Qunused-arguments -fstack-protector-all -fPIC -Wa,--noexecstack -Wformat -Wformat-security -I/mnt/c/Github/metal/ct/install/include -I/mnt/c/Github/metal/ct/certificate-transparency/third_party/objecthash  -D_FORTIFY_SOURCE=2 conftest.cpp >&5
configure:6211: $? = 0
configure:6211: result: yes
configure:6211: checking sqlite3.h presence
configure:6211: clang++ -E -I/mnt/c/Github/metal/ct/install/include -I/mnt/c/Github/metal/ct/certificate-transparency/third_party/objecthash  -D_FORTIFY_SOURCE=2 conftest.cpp
configure:6211: $? = 0
configure:6211: result: yes
configure:6211: checking for sqlite3.h
configure:6211: result: yes
configure:6219: checking ldns/ldns.h usability
configure:6219: clang++ -c  -Wall -Werror  -Qunused-arguments -std=gnu++11 -Qunused-arguments -fstack-protector-all -fPIC -Wa,--noexecstack -Wformat -Wformat-security -I/mnt/c/Github/metal/ct/install/include -I/mnt/c/Github/metal/ct/certificate-transparency/third_party/objecthash  -D_FORTIFY_SOURCE=2 conftest.cpp >&5
configure:6219: $? = 0
configure:6219: result: yes
configure:6219: checking ldns/ldns.h presence
configure:6219: clang++ -E -I/mnt/c/Github/metal/ct/install/include -I/mnt/c/Github/metal/ct/certificate-transparency/third_party/objecthash  -D_FORTIFY_SOURCE=2 conftest.cpp
configure:6219: $? = 0
configure:6219: result: yes
configure:6219: checking for ldns/ldns.h
configure:6219: result: yes
configure:6227: checking objecthash.h usability
configure:6227: clang++ -c  -Wall -Werror  -Qunused-arguments -std=gnu++11 -Qunused-arguments -fstack-protector-all -fPIC -Wa,--noexecstack -Wformat -Wformat-security -I/mnt/c/Github/metal/ct/install/include -I/mnt/c/Github/metal/ct/certificate-transparency/third_party/objecthash  -D_FORTIFY_SOURCE=2 conftest.cpp >&5
configure:6227: $? = 0
configure:6227: result: yes
configure:6227: checking objecthash.h presence
configure:6227: clang++ -E -I/mnt/c/Github/metal/ct/install/include -I/mnt/c/Github/metal/ct/certificate-transparency/third_party/objecthash  -D_FORTIFY_SOURCE=2 conftest.cpp
configure:6227: $? = 0
configure:6227: result: yes
configure:6227: checking for objecthash.h
configure:6227: result: yes
configure:6241: checking gtest/gtest.h usability
configure:6241: clang++ -c  -Wall -Werror  -Qunused-arguments -std=gnu++11 -Qunused-arguments -fstack-protector-all -fPIC -Wa,--noexecstack -Wformat -Wformat-security -I/mnt/c/Github/metal/ct/install/include -I/mnt/c/Github/metal/ct/certificate-transparency/third_party/objecthash  -D_FORTIFY_SOURCE=2 -I/mnt/c/Github/metal/ct/googlemock/gtest/include conftest.cpp >&5
configure:6241: $? = 0
configure:6241: result: yes
configure:6241: checking gtest/gtest.h presence
configure:6241: clang++ -E -I/mnt/c/Github/metal/ct/install/include -I/mnt/c/Github/metal/ct/certificate-transparency/third_party/objecthash  -D_FORTIFY_SOURCE=2 -I/mnt/c/Github/metal/ct/googlemock/gtest/include conftest.cpp
configure:6241: $? = 0
configure:6241: result: yes
configure:6241: checking for gtest/gtest.h
configure:6241: result: yes
configure:6250: checking gmock/gmock.h usability
configure:6250: clang++ -c  -Wall -Werror  -Qunused-arguments -std=gnu++11 -Qunused-arguments -fstack-protector-all -fPIC -Wa,--noexecstack -Wformat -Wformat-security -I/mnt/c/Github/metal/ct/install/include -I/mnt/c/Github/metal/ct/certificate-transparency/third_party/objecthash  -D_FORTIFY_SOURCE=2 -I/mnt/c/Github/metal/ct/googlemock/gtest/include -I/mnt/c/Github/metal/ct/googlemock/include conftest.cpp >&5
configure:6250: $? = 0
configure:6250: result: yes
configure:6250: checking gmock/gmock.h presence
configure:6250: clang++ -E -I/mnt/c/Github/metal/ct/install/include -I/mnt/c/Github/metal/ct/certificate-transparency/third_party/objecthash  -D_FORTIFY_SOURCE=2 -I/mnt/c/Github/metal/ct/googlemock/gtest/include -I/mnt/c/Github/metal/ct/googlemock/include conftest.cpp
configure:6250: $? = 0
configure:6250: result: yes
configure:6250: checking for gmock/gmock.h
configure:6250: result: yes
configure:6260: checking /mnt/c/Github/metal/ct/googlemock/gtest/src/gtest-all.cc usability
configure:6260: clang++ -c  -Wall -Werror  -Qunused-arguments -std=gnu++11 -Qunused-arguments -fstack-protector-all -fPIC -Wa,--noexecstack -Wformat -Wformat-security -I/mnt/c/Github/metal/ct/install/include -I/mnt/c/Github/metal/ct/certificate-transparency/third_party/objecthash  -D_FORTIFY_SOURCE=2 -I/mnt/c/Github/metal/ct/googlemock/gtest/include -I/mnt/c/Github/metal/ct/googlemock/include -I/mnt/c/Github/metal/ct/googlemock/gtest conftest.cpp >&5
configure:6260: $? = 0
configure:6260: result: yes
configure:6260: checking /mnt/c/Github/metal/ct/googlemock/gtest/src/gtest-all.cc presence
configure:6260: clang++ -E -I/mnt/c/Github/metal/ct/install/include -I/mnt/c/Github/metal/ct/certificate-transparency/third_party/objecthash  -D_FORTIFY_SOURCE=2 -I/mnt/c/Github/metal/ct/googlemock/gtest/include -I/mnt/c/Github/metal/ct/googlemock/include -I/mnt/c/Github/metal/ct/googlemock/gtest conftest.cpp
configure:6260: $? = 0
configure:6260: result: yes
configure:6260: checking for /mnt/c/Github/metal/ct/googlemock/gtest/src/gtest-all.cc
configure:6260: result: yes
configure:6270: checking /mnt/c/Github/metal/ct/googlemock/src/gmock-all.cc usability
configure:6270: clang++ -c  -Wall -Werror  -Qunused-arguments -std=gnu++11 -Qunused-arguments -fstack-protector-all -fPIC -Wa,--noexecstack -Wformat -Wformat-security -I/mnt/c/Github/metal/ct/install/include -I/mnt/c/Github/metal/ct/certificate-transparency/third_party/objecthash  -D_FORTIFY_SOURCE=2 -I/mnt/c/Github/metal/ct/googlemock/gtest/include -I/mnt/c/Github/metal/ct/googlemock/include -I/mnt/c/Github/metal/ct/googlemock/gtest -I/mnt/c/Github/metal/ct/googlemock conftest.cpp >&5
configure:6270: $? = 0
configure:6270: result: yes
configure:6270: checking /mnt/c/Github/metal/ct/googlemock/src/gmock-all.cc presence
configure:6270: clang++ -E -I/mnt/c/Github/metal/ct/install/include -I/mnt/c/Github/metal/ct/certificate-transparency/third_party/objecthash  -D_FORTIFY_SOURCE=2 -I/mnt/c/Github/metal/ct/googlemock/gtest/include -I/mnt/c/Github/metal/ct/googlemock/include -I/mnt/c/Github/metal/ct/googlemock/gtest -I/mnt/c/Github/metal/ct/googlemock conftest.cpp
configure:6270: $? = 0
configure:6270: result: yes
configure:6270: checking for /mnt/c/Github/metal/ct/googlemock/src/gmock-all.cc
configure:6270: result: yes
configure:6287: checking for library containing __b64_ntop
configure:6318: clang++ -o conftest  -Wall -Werror  -Qunused-arguments -std=gnu++11 -Qunused-arguments -fstack-protector-all -fPIC -Wa,--noexecstack -Wformat -Wformat-security -I/mnt/c/Github/metal/ct/install/include -I/mnt/c/Github/metal/ct/certificate-transparency/third_party/objecthash  -D_FORTIFY_SOURCE=2 -L/mnt/c/Github/metal/ct/install/lib -L/mnt/c/Github/metal/ct/certificate-transparency/third_party/objecthash  -Wl,-rpath=/mnt/c/Github/metal/ct/install/lib -pie conftest.cpp -lunwind >&5
/tmp/conftest-5683a7.o: In function `main':
conftest.cpp:(.text+0x1d): undefined reference to `__b64_ntop'
clang: error: linker command failed with exit code 1 (use -v to see invocation)
configure:6318: $? = 1
configure: failed program was:
| /* confdefs.h */
| #define PACKAGE_NAME "certificate-transparency"
| #define PACKAGE_TARNAME "certificate-transparency"
| #define PACKAGE_VERSION "0.9"
| #define PACKAGE_STRING "certificate-transparency 0.9"
| #define PACKAGE_BUGREPORT "certificate-transparency@googlegroups.com"
| #define PACKAGE_URL ""
| #define PACKAGE "certificate-transparency"
| #define VERSION "0.9"
| #define ENABLE_HARDENING /**/
| #define HAVE_SYS_TYPES_H 1
| #define HAVE_NETINET_IN_H 1
| #define HAVE_ARPA_NAMESER_H 1
| #define HAVE_NETDB_H 1
| #define HAVE_RESOLV_H 1
| #define STDC_HEADERS 1
| #define HAVE_SYS_TYPES_H 1
| #define HAVE_SYS_STAT_H 1
| #define HAVE_STDLIB_H 1
| #define HAVE_STRING_H 1
| #define HAVE_MEMORY_H 1
| #define HAVE_STRINGS_H 1
| #define HAVE_INTTYPES_H 1
| #define HAVE_STDINT_H 1
| #define HAVE_UNISTD_H 1
| #define HAVE_ARPA_INET_H 1
| #define HAVE_FCNTL_H 1
| #define HAVE_LIMITS_H 1
| #define HAVE_NETINET_IN_H 1
| #define HAVE_STDDEF_H 1
| #define HAVE_STDINT_H 1
| #define HAVE_STDLIB_H 1
| #define HAVE_STRING_H 1
| #define HAVE_SYS_SOCKET_H 1
| #define HAVE_SYS_TIME_H 1
| #define HAVE_UNISTD_H 1
| #define HAVE_LEVELDB_FILTER_POLICY_H 1
| /* end confdefs.h.  */
| 
| /* Override any GCC internal prototype to avoid an error.
|    Use char because int might match the return type of a GCC
|    builtin and then its argument prototype would still apply.  */
| #ifdef __cplusplus
| extern "C"
| #endif
| char __b64_ntop ();
| int
| main ()
| {
| return __b64_ntop ();
|   ;
|   return 0;
| }
configure:6318: clang++ -o conftest  -Wall -Werror  -Qunused-arguments -std=gnu++11 -Qunused-arguments -fstack-protector-all -fPIC -Wa,--noexecstack -Wformat -Wformat-security -I/mnt/c/Github/metal/ct/install/include -I/mnt/c/Github/metal/ct/certificate-transparency/third_party/objecthash  -D_FORTIFY_SOURCE=2 -L/mnt/c/Github/metal/ct/install/lib -L/mnt/c/Github/metal/ct/certificate-transparency/third_party/objecthash  -Wl,-rpath=/mnt/c/Github/metal/ct/install/lib -pie conftest.cpp -lresolv  -lunwind >&5
configure:6318: $? = 0
configure:6335: result: -lresolv
configure:6343: checking for library containing pthread_create
configure:6374: clang++ -o conftest  -Wall -Werror  -Qunused-arguments -std=gnu++11 -Qunused-arguments -fstack-protector-all -fPIC -Wa,--noexecstack -Wformat -Wformat-security -I/mnt/c/Github/metal/ct/install/include -I/mnt/c/Github/metal/ct/certificate-transparency/third_party/objecthash  -D_FORTIFY_SOURCE=2 -L/mnt/c/Github/metal/ct/install/lib -L/mnt/c/Github/metal/ct/certificate-transparency/third_party/objecthash  -Wl,-rpath=/mnt/c/Github/metal/ct/install/lib -pie conftest.cpp -lresolv -lunwind >&5
/tmp/conftest-825765.o: In function `main':
conftest.cpp:(.text+0x1d): undefined reference to `pthread_create'
clang: error: linker command failed with exit code 1 (use -v to see invocation)
configure:6374: $? = 1
configure: failed program was:
| /* confdefs.h */
| #define PACKAGE_NAME "certificate-transparency"
| #define PACKAGE_TARNAME "certificate-transparency"
| #define PACKAGE_VERSION "0.9"
| #define PACKAGE_STRING "certificate-transparency 0.9"
| #define PACKAGE_BUGREPORT "certificate-transparency@googlegroups.com"
| #define PACKAGE_URL ""
| #define PACKAGE "certificate-transparency"
| #define VERSION "0.9"
| #define ENABLE_HARDENING /**/
| #define HAVE_SYS_TYPES_H 1
| #define HAVE_NETINET_IN_H 1
| #define HAVE_ARPA_NAMESER_H 1
| #define HAVE_NETDB_H 1
| #define HAVE_RESOLV_H 1
| #define STDC_HEADERS 1
| #define HAVE_SYS_TYPES_H 1
| #define HAVE_SYS_STAT_H 1
| #define HAVE_STDLIB_H 1
| #define HAVE_STRING_H 1
| #define HAVE_MEMORY_H 1
| #define HAVE_STRINGS_H 1
| #define HAVE_INTTYPES_H 1
| #define HAVE_STDINT_H 1
| #define HAVE_UNISTD_H 1
| #define HAVE_ARPA_INET_H 1
| #define HAVE_FCNTL_H 1
| #define HAVE_LIMITS_H 1
| #define HAVE_NETINET_IN_H 1
| #define HAVE_STDDEF_H 1
| #define HAVE_STDINT_H 1
| #define HAVE_STDLIB_H 1
| #define HAVE_STRING_H 1
| #define HAVE_SYS_SOCKET_H 1
| #define HAVE_SYS_TIME_H 1
| #define HAVE_UNISTD_H 1
| #define HAVE_LEVELDB_FILTER_POLICY_H 1
| /* end confdefs.h.  */
| 
| /* Override any GCC internal prototype to avoid an error.
|    Use char because int might match the return type of a GCC
|    builtin and then its argument prototype would still apply.  */
| #ifdef __cplusplus
| extern "C"
| #endif
| char pthread_create ();
| int
| main ()
| {
| return pthread_create ();
|   ;
|   return 0;
| }
configure:6374: clang++ -o conftest  -Wall -Werror  -Qunused-arguments -std=gnu++11 -Qunused-arguments -fstack-protector-all -fPIC -Wa,--noexecstack -Wformat -Wformat-security -I/mnt/c/Github/metal/ct/install/include -I/mnt/c/Github/metal/ct/certificate-transparency/third_party/objecthash  -D_FORTIFY_SOURCE=2 -L/mnt/c/Github/metal/ct/install/lib -L/mnt/c/Github/metal/ct/certificate-transparency/third_party/objecthash  -Wl,-rpath=/mnt/c/Github/metal/ct/install/lib -pie conftest.cpp -lpthread  -lresolv -lunwind >&5
configure:6374: $? = 0
configure:6391: result: -lpthread
configure:6399: checking for library containing dlopen
configure:6430: clang++ -o conftest  -Wall -Werror  -Qunused-arguments -std=gnu++11 -Qunused-arguments -fstack-protector-all -fPIC -Wa,--noexecstack -Wformat -Wformat-security -I/mnt/c/Github/metal/ct/install/include -I/mnt/c/Github/metal/ct/certificate-transparency/third_party/objecthash  -D_FORTIFY_SOURCE=2 -L/mnt/c/Github/metal/ct/install/lib -L/mnt/c/Github/metal/ct/certificate-transparency/third_party/objecthash  -Wl,-rpath=/mnt/c/Github/metal/ct/install/lib -pie conftest.cpp -lpthread -lresolv -lunwind >&5
/tmp/conftest-0219b6.o: In function `main':
conftest.cpp:(.text+0x1d): undefined reference to `dlopen'
clang: error: linker command failed with exit code 1 (use -v to see invocation)
configure:6430: $? = 1
configure: failed program was:
| /* confdefs.h */
| #define PACKAGE_NAME "certificate-transparency"
| #define PACKAGE_TARNAME "certificate-transparency"
| #define PACKAGE_VERSION "0.9"
| #define PACKAGE_STRING "certificate-transparency 0.9"
| #define PACKAGE_BUGREPORT "certificate-transparency@googlegroups.com"
| #define PACKAGE_URL ""
| #define PACKAGE "certificate-transparency"
| #define VERSION "0.9"
| #define ENABLE_HARDENING /**/
| #define HAVE_SYS_TYPES_H 1
| #define HAVE_NETINET_IN_H 1
| #define HAVE_ARPA_NAMESER_H 1
| #define HAVE_NETDB_H 1
| #define HAVE_RESOLV_H 1
| #define STDC_HEADERS 1
| #define HAVE_SYS_TYPES_H 1
| #define HAVE_SYS_STAT_H 1
| #define HAVE_STDLIB_H 1
| #define HAVE_STRING_H 1
| #define HAVE_MEMORY_H 1
| #define HAVE_STRINGS_H 1
| #define HAVE_INTTYPES_H 1
| #define HAVE_STDINT_H 1
| #define HAVE_UNISTD_H 1
| #define HAVE_ARPA_INET_H 1
| #define HAVE_FCNTL_H 1
| #define HAVE_LIMITS_H 1
| #define HAVE_NETINET_IN_H 1
| #define HAVE_STDDEF_H 1
| #define HAVE_STDINT_H 1
| #define HAVE_STDLIB_H 1
| #define HAVE_STRING_H 1
| #define HAVE_SYS_SOCKET_H 1
| #define HAVE_SYS_TIME_H 1
| #define HAVE_UNISTD_H 1
| #define HAVE_LEVELDB_FILTER_POLICY_H 1
| /* end confdefs.h.  */
| 
| /* Override any GCC internal prototype to avoid an error.
|    Use char because int might match the return type of a GCC
|    builtin and then its argument prototype would still apply.  */
| #ifdef __cplusplus
| extern "C"
| #endif
| char dlopen ();
| int
| main ()
| {
| return dlopen ();
|   ;
|   return 0;
| }
configure:6430: clang++ -o conftest  -Wall -Werror  -Qunused-arguments -std=gnu++11 -Qunused-arguments -fstack-protector-all -fPIC -Wa,--noexecstack -Wformat -Wformat-security -I/mnt/c/Github/metal/ct/install/include -I/mnt/c/Github/metal/ct/certificate-transparency/third_party/objecthash  -D_FORTIFY_SOURCE=2 -L/mnt/c/Github/metal/ct/install/lib -L/mnt/c/Github/metal/ct/certificate-transparency/third_party/objecthash  -Wl,-rpath=/mnt/c/Github/metal/ct/install/lib -pie conftest.cpp -ldl  -lpthread -lresolv -lunwind >&5
configure:6430: $? = 0
configure:6447: result: -ldl
configure:6456: checking checking for lzma library
configure:6458: checking for library containing lzma_index_size
configure:6489: clang++ -o conftest  -Wall -Werror  -Qunused-arguments -std=gnu++11 -Qunused-arguments -fstack-protector-all -fPIC -Wa,--noexecstack -Wformat -Wformat-security -I/mnt/c/Github/metal/ct/install/include -I/mnt/c/Github/metal/ct/certificate-transparency/third_party/objecthash  -D_FORTIFY_SOURCE=2 -L/mnt/c/Github/metal/ct/install/lib -L/mnt/c/Github/metal/ct/certificate-transparency/third_party/objecthash  -Wl,-rpath=/mnt/c/Github/metal/ct/install/lib -pie conftest.cpp -ldl -lpthread -lresolv -lunwind >&5
/tmp/conftest-d44301.o: In function `main':
conftest.cpp:(.text+0x1d): undefined reference to `lzma_index_size'
clang: error: linker command failed with exit code 1 (use -v to see invocation)
configure:6489: $? = 1
configure: failed program was:
| /* confdefs.h */
| #define PACKAGE_NAME "certificate-transparency"
| #define PACKAGE_TARNAME "certificate-transparency"
| #define PACKAGE_VERSION "0.9"
| #define PACKAGE_STRING "certificate-transparency 0.9"
| #define PACKAGE_BUGREPORT "certificate-transparency@googlegroups.com"
| #define PACKAGE_URL ""
| #define PACKAGE "certificate-transparency"
| #define VERSION "0.9"
| #define ENABLE_HARDENING /**/
| #define HAVE_SYS_TYPES_H 1
| #define HAVE_NETINET_IN_H 1
| #define HAVE_ARPA_NAMESER_H 1
| #define HAVE_NETDB_H 1
| #define HAVE_RESOLV_H 1
| #define STDC_HEADERS 1
| #define HAVE_SYS_TYPES_H 1
| #define HAVE_SYS_STAT_H 1
| #define HAVE_STDLIB_H 1
| #define HAVE_STRING_H 1
| #define HAVE_MEMORY_H 1
| #define HAVE_STRINGS_H 1
| #define HAVE_INTTYPES_H 1
| #define HAVE_STDINT_H 1
| #define HAVE_UNISTD_H 1
| #define HAVE_ARPA_INET_H 1
| #define HAVE_FCNTL_H 1
| #define HAVE_LIMITS_H 1
| #define HAVE_NETINET_IN_H 1
| #define HAVE_STDDEF_H 1
| #define HAVE_STDINT_H 1
| #define HAVE_STDLIB_H 1
| #define HAVE_STRING_H 1
| #define HAVE_SYS_SOCKET_H 1
| #define HAVE_SYS_TIME_H 1
| #define HAVE_UNISTD_H 1
| #define HAVE_LEVELDB_FILTER_POLICY_H 1
| /* end confdefs.h.  */
| 
| /* Override any GCC internal prototype to avoid an error.
|    Use char because int might match the return type of a GCC
|    builtin and then its argument prototype would still apply.  */
| #ifdef __cplusplus
| extern "C"
| #endif
| char lzma_index_size ();
| int
| main ()
| {
| return lzma_index_size ();
|   ;
|   return 0;
| }
configure:6489: clang++ -o conftest  -Wall -Werror  -Qunused-arguments -std=gnu++11 -Qunused-arguments -fstack-protector-all -fPIC -Wa,--noexecstack -Wformat -Wformat-security -I/mnt/c/Github/metal/ct/install/include -I/mnt/c/Github/metal/ct/certificate-transparency/third_party/objecthash  -D_FORTIFY_SOURCE=2 -L/mnt/c/Github/metal/ct/install/lib -L/mnt/c/Github/metal/ct/certificate-transparency/third_party/objecthash  -Wl,-rpath=/mnt/c/Github/metal/ct/install/lib -pie conftest.cpp -llzma  -ldl -lpthread -lresolv -lunwind >&5
/usr/bin/ld: cannot find -llzma
clang: error: linker command failed with exit code 1 (use -v to see invocation)
configure:6489: $? = 1
configure: failed program was:
| /* confdefs.h */
| #define PACKAGE_NAME "certificate-transparency"
| #define PACKAGE_TARNAME "certificate-transparency"
| #define PACKAGE_VERSION "0.9"
| #define PACKAGE_STRING "certificate-transparency 0.9"
| #define PACKAGE_BUGREPORT "certificate-transparency@googlegroups.com"
| #define PACKAGE_URL ""
| #define PACKAGE "certificate-transparency"
| #define VERSION "0.9"
| #define ENABLE_HARDENING /**/
| #define HAVE_SYS_TYPES_H 1
| #define HAVE_NETINET_IN_H 1
| #define HAVE_ARPA_NAMESER_H 1
| #define HAVE_NETDB_H 1
| #define HAVE_RESOLV_H 1
| #define STDC_HEADERS 1
| #define HAVE_SYS_TYPES_H 1
| #define HAVE_SYS_STAT_H 1
| #define HAVE_STDLIB_H 1
| #define HAVE_STRING_H 1
| #define HAVE_MEMORY_H 1
| #define HAVE_STRINGS_H 1
| #define HAVE_INTTYPES_H 1
| #define HAVE_STDINT_H 1
| #define HAVE_UNISTD_H 1
| #define HAVE_ARPA_INET_H 1
| #define HAVE_FCNTL_H 1
| #define HAVE_LIMITS_H 1
| #define HAVE_NETINET_IN_H 1
| #define HAVE_STDDEF_H 1
| #define HAVE_STDINT_H 1
| #define HAVE_STDLIB_H 1
| #define HAVE_STRING_H 1
| #define HAVE_SYS_SOCKET_H 1
| #define HAVE_SYS_TIME_H 1
| #define HAVE_UNISTD_H 1
| #define HAVE_LEVELDB_FILTER_POLICY_H 1
| /* end confdefs.h.  */
| 
| /* Override any GCC internal prototype to avoid an error.
|    Use char because int might match the return type of a GCC
|    builtin and then its argument prototype would still apply.  */
| #ifdef __cplusplus
| extern "C"
| #endif
| char lzma_index_size ();
| int
| main ()
| {
| return lzma_index_size ();
|   ;
|   return 0;
| }
configure:6506: result: no
configure:6515: checking checking whether we need -lrt
configure:6517: checking for library containing clock_gettime
configure:6548: clang++ -o conftest  -Wall -Werror  -Qunused-arguments -std=gnu++11 -Qunused-arguments -fstack-protector-all -fPIC -Wa,--noexecstack -Wformat -Wformat-security -I/mnt/c/Github/metal/ct/install/include -I/mnt/c/Github/metal/ct/certificate-transparency/third_party/objecthash  -D_FORTIFY_SOURCE=2 -L/mnt/c/Github/metal/ct/install/lib -L/mnt/c/Github/metal/ct/certificate-transparency/third_party/objecthash  -Wl,-rpath=/mnt/c/Github/metal/ct/install/lib -pie conftest.cpp -ldl -lpthread -lresolv -lunwind >&5
configure:6548: $? = 0
configure:6565: result: none required
configure:6574: checking checking for gflags library
configure:6588: clang++ -o conftest  -Wall -Werror  -Qunused-arguments -std=gnu++11 -Qunused-arguments -fstack-protector-all -fPIC -Wa,--noexecstack -Wformat -Wformat-security -I/mnt/c/Github/metal/ct/install/include -I/mnt/c/Github/metal/ct/certificate-transparency/third_party/objecthash  -D_FORTIFY_SOURCE=2 -L/mnt/c/Github/metal/ct/install/lib -L/mnt/c/Github/metal/ct/certificate-transparency/third_party/objecthash  -Wl,-rpath=/mnt/c/Github/metal/ct/install/lib -pie conftest.cpp -lgflags -ldl -lpthread -lresolv -lunwind >&5
configure:6588: $? = 0
configure:6595: result: yes
configure:6601: checking checking for glog library
configure:6615: clang++ -o conftest  -Wall -Werror  -Qunused-arguments -std=gnu++11 -Qunused-arguments -fstack-protector-all -fPIC -Wa,--noexecstack -Wformat -Wformat-security -I/mnt/c/Github/metal/ct/install/include -I/mnt/c/Github/metal/ct/certificate-transparency/third_party/objecthash  -D_FORTIFY_SOURCE=2 -L/mnt/c/Github/metal/ct/install/lib -L/mnt/c/Github/metal/ct/certificate-transparency/third_party/objecthash  -Wl,-rpath=/mnt/c/Github/metal/ct/install/lib -pie conftest.cpp -lglog -lgflags -ldl -lpthread -lresolv -lunwind >&5
configure:6615: $? = 0
configure:6622: result: yes
configure:6630: checking for library containing snappy_compress
configure:6661: clang++ -o conftest  -Wall -Werror  -Qunused-arguments -std=gnu++11 -Qunused-arguments -fstack-protector-all -fPIC -Wa,--noexecstack -Wformat -Wformat-security -I/mnt/c/Github/metal/ct/install/include -I/mnt/c/Github/metal/ct/certificate-transparency/third_party/objecthash  -D_FORTIFY_SOURCE=2 -L/mnt/c/Github/metal/ct/install/lib -L/mnt/c/Github/metal/ct/certificate-transparency/third_party/objecthash  -Wl,-rpath=/mnt/c/Github/metal/ct/install/lib -pie conftest.cpp  >&5
/tmp/conftest-517773.o: In function `main':
conftest.cpp:(.text+0x1d): undefined reference to `snappy_compress'
clang: error: linker command failed with exit code 1 (use -v to see invocation)
configure:6661: $? = 1
configure: failed program was:
| /* confdefs.h */
| #define PACKAGE_NAME "certificate-transparency"
| #define PACKAGE_TARNAME "certificate-transparency"
| #define PACKAGE_VERSION "0.9"
| #define PACKAGE_STRING "certificate-transparency 0.9"
| #define PACKAGE_BUGREPORT "certificate-transparency@googlegroups.com"
| #define PACKAGE_URL ""
| #define PACKAGE "certificate-transparency"
| #define VERSION "0.9"
| #define ENABLE_HARDENING /**/
| #define HAVE_SYS_TYPES_H 1
| #define HAVE_NETINET_IN_H 1
| #define HAVE_ARPA_NAMESER_H 1
| #define HAVE_NETDB_H 1
| #define HAVE_RESOLV_H 1
| #define STDC_HEADERS 1
| #define HAVE_SYS_TYPES_H 1
| #define HAVE_SYS_STAT_H 1
| #define HAVE_STDLIB_H 1
| #define HAVE_STRING_H 1
| #define HAVE_MEMORY_H 1
| #define HAVE_STRINGS_H 1
| #define HAVE_INTTYPES_H 1
| #define HAVE_STDINT_H 1
| #define HAVE_UNISTD_H 1
| #define HAVE_ARPA_INET_H 1
| #define HAVE_FCNTL_H 1
| #define HAVE_LIMITS_H 1
| #define HAVE_NETINET_IN_H 1
| #define HAVE_STDDEF_H 1
| #define HAVE_STDINT_H 1
| #define HAVE_STDLIB_H 1
| #define HAVE_STRING_H 1
| #define HAVE_SYS_SOCKET_H 1
| #define HAVE_SYS_TIME_H 1
| #define HAVE_UNISTD_H 1
| #define HAVE_LEVELDB_FILTER_POLICY_H 1
| /* end confdefs.h.  */
| 
| /* Override any GCC internal prototype to avoid an error.
|    Use char because int might match the return type of a GCC
|    builtin and then its argument prototype would still apply.  */
| #ifdef __cplusplus
| extern "C"
| #endif
| char snappy_compress ();
| int
| main ()
| {
| return snappy_compress ();
|   ;
|   return 0;
| }
configure:6661: clang++ -o conftest  -Wall -Werror  -Qunused-arguments -std=gnu++11 -Qunused-arguments -fstack-protector-all -fPIC -Wa,--noexecstack -Wformat -Wformat-security -I/mnt/c/Github/metal/ct/install/include -I/mnt/c/Github/metal/ct/certificate-transparency/third_party/objecthash  -D_FORTIFY_SOURCE=2 -L/mnt/c/Github/metal/ct/install/lib -L/mnt/c/Github/metal/ct/certificate-transparency/third_party/objecthash  -Wl,-rpath=/mnt/c/Github/metal/ct/install/lib -pie conftest.cpp -lsnappy -lglog -lgflags -ldl -lpthread -lresolv -lunwind  >&5
configure:6661: $? = 0
configure:6678: result: -lsnappy
configure:6686: checking for library containing leveldb_open
configure:6717: clang++ -o conftest  -Wall -Werror  -Qunused-arguments -std=gnu++11 -Qunused-arguments -fstack-protector-all -fPIC -Wa,--noexecstack -Wformat -Wformat-security -I/mnt/c/Github/metal/ct/install/include -I/mnt/c/Github/metal/ct/certificate-transparency/third_party/objecthash  -D_FORTIFY_SOURCE=2 -L/mnt/c/Github/metal/ct/install/lib -L/mnt/c/Github/metal/ct/certificate-transparency/third_party/objecthash  -Wl,-rpath=/mnt/c/Github/metal/ct/install/lib -pie conftest.cpp -lsnappy  >&5
/tmp/conftest-35faab.o: In function `main':
conftest.cpp:(.text+0x1d): undefined reference to `leveldb_open'
clang: error: linker command failed with exit code 1 (use -v to see invocation)
configure:6717: $? = 1
configure: failed program was:
| /* confdefs.h */
| #define PACKAGE_NAME "certificate-transparency"
| #define PACKAGE_TARNAME "certificate-transparency"
| #define PACKAGE_VERSION "0.9"
| #define PACKAGE_STRING "certificate-transparency 0.9"
| #define PACKAGE_BUGREPORT "certificate-transparency@googlegroups.com"
| #define PACKAGE_URL ""
| #define PACKAGE "certificate-transparency"
| #define VERSION "0.9"
| #define ENABLE_HARDENING /**/
| #define HAVE_SYS_TYPES_H 1
| #define HAVE_NETINET_IN_H 1
| #define HAVE_ARPA_NAMESER_H 1
| #define HAVE_NETDB_H 1
| #define HAVE_RESOLV_H 1
| #define STDC_HEADERS 1
| #define HAVE_SYS_TYPES_H 1
| #define HAVE_SYS_STAT_H 1
| #define HAVE_STDLIB_H 1
| #define HAVE_STRING_H 1
| #define HAVE_MEMORY_H 1
| #define HAVE_STRINGS_H 1
| #define HAVE_INTTYPES_H 1
| #define HAVE_STDINT_H 1
| #define HAVE_UNISTD_H 1
| #define HAVE_ARPA_INET_H 1
| #define HAVE_FCNTL_H 1
| #define HAVE_LIMITS_H 1
| #define HAVE_NETINET_IN_H 1
| #define HAVE_STDDEF_H 1
| #define HAVE_STDINT_H 1
| #define HAVE_STDLIB_H 1
| #define HAVE_STRING_H 1
| #define HAVE_SYS_SOCKET_H 1
| #define HAVE_SYS_TIME_H 1
| #define HAVE_UNISTD_H 1
| #define HAVE_LEVELDB_FILTER_POLICY_H 1
| /* end confdefs.h.  */
| 
| /* Override any GCC internal prototype to avoid an error.
|    Use char because int might match the return type of a GCC
|    builtin and then its argument prototype would still apply.  */
| #ifdef __cplusplus
| extern "C"
| #endif
| char leveldb_open ();
| int
| main ()
| {
| return leveldb_open ();
|   ;
|   return 0;
| }
configure:6717: clang++ -o conftest  -Wall -Werror  -Qunused-arguments -std=gnu++11 -Qunused-arguments -fstack-protector-all -fPIC -Wa,--noexecstack -Wformat -Wformat-security -I/mnt/c/Github/metal/ct/install/include -I/mnt/c/Github/metal/ct/certificate-transparency/third_party/objecthash  -D_FORTIFY_SOURCE=2 -L/mnt/c/Github/metal/ct/install/lib -L/mnt/c/Github/metal/ct/certificate-transparency/third_party/objecthash  -Wl,-rpath=/mnt/c/Github/metal/ct/install/lib -pie conftest.cpp -lleveldb -lglog -lgflags -ldl -lpthread -lresolv -lunwind -lsnappy  >&5
configure:6717: $? = 0
configure:6734: result: -lleveldb
configure:6753: checking for library containing sqlite3_open
configure:6784: clang++ -o conftest  -Wall -Werror  -Qunused-arguments -std=gnu++11 -Qunused-arguments -fstack-protector-all -fPIC -Wa,--noexecstack -Wformat -Wformat-security -I/mnt/c/Github/metal/ct/install/include -I/mnt/c/Github/metal/ct/certificate-transparency/third_party/objecthash  -D_FORTIFY_SOURCE=2 -L/mnt/c/Github/metal/ct/install/lib -L/mnt/c/Github/metal/ct/certificate-transparency/third_party/objecthash  -Wl,-rpath=/mnt/c/Github/metal/ct/install/lib -pie conftest.cpp  >&5
/tmp/conftest-096959.o: In function `main':
conftest.cpp:(.text+0x1d): undefined reference to `sqlite3_open'
clang: error: linker command failed with exit code 1 (use -v to see invocation)
configure:6784: $? = 1
configure: failed program was:
| /* confdefs.h */
| #define PACKAGE_NAME "certificate-transparency"
| #define PACKAGE_TARNAME "certificate-transparency"
| #define PACKAGE_VERSION "0.9"
| #define PACKAGE_STRING "certificate-transparency 0.9"
| #define PACKAGE_BUGREPORT "certificate-transparency@googlegroups.com"
| #define PACKAGE_URL ""
| #define PACKAGE "certificate-transparency"
| #define VERSION "0.9"
| #define ENABLE_HARDENING /**/
| #define HAVE_SYS_TYPES_H 1
| #define HAVE_NETINET_IN_H 1
| #define HAVE_ARPA_NAMESER_H 1
| #define HAVE_NETDB_H 1
| #define HAVE_RESOLV_H 1
| #define STDC_HEADERS 1
| #define HAVE_SYS_TYPES_H 1
| #define HAVE_SYS_STAT_H 1
| #define HAVE_STDLIB_H 1
| #define HAVE_STRING_H 1
| #define HAVE_MEMORY_H 1
| #define HAVE_STRINGS_H 1
| #define HAVE_INTTYPES_H 1
| #define HAVE_STDINT_H 1
| #define HAVE_UNISTD_H 1
| #define HAVE_ARPA_INET_H 1
| #define HAVE_FCNTL_H 1
| #define HAVE_LIMITS_H 1
| #define HAVE_NETINET_IN_H 1
| #define HAVE_STDDEF_H 1
| #define HAVE_STDINT_H 1
| #define HAVE_STDLIB_H 1
| #define HAVE_STRING_H 1
| #define HAVE_SYS_SOCKET_H 1
| #define HAVE_SYS_TIME_H 1
| #define HAVE_UNISTD_H 1
| #define HAVE_LEVELDB_FILTER_POLICY_H 1
| /* end confdefs.h.  */
| 
| /* Override any GCC internal prototype to avoid an error.
|    Use char because int might match the return type of a GCC
|    builtin and then its argument prototype would still apply.  */
| #ifdef __cplusplus
| extern "C"
| #endif
| char sqlite3_open ();
| int
| main ()
| {
| return sqlite3_open ();
|   ;
|   return 0;
| }
configure:6784: clang++ -o conftest  -Wall -Werror  -Qunused-arguments -std=gnu++11 -Qunused-arguments -fstack-protector-all -fPIC -Wa,--noexecstack -Wformat -Wformat-security -I/mnt/c/Github/metal/ct/install/include -I/mnt/c/Github/metal/ct/certificate-transparency/third_party/objecthash  -D_FORTIFY_SOURCE=2 -L/mnt/c/Github/metal/ct/install/lib -L/mnt/c/Github/metal/ct/certificate-transparency/third_party/objecthash  -Wl,-rpath=/mnt/c/Github/metal/ct/install/lib -pie conftest.cpp -lsqlite3 -lglog -lgflags -ldl -lpthread -lresolv -lunwind  >&5
configure:6784: $? = 0
configure:6801: result: -lsqlite3
configure:6818: checking for library containing CRYPTO_set_locking_callback
configure:6849: clang++ -o conftest  -Wall -Werror  -Qunused-arguments -std=gnu++11 -Qunused-arguments -fstack-protector-all -fPIC -Wa,--noexecstack -Wformat -Wformat-security -I/mnt/c/Github/metal/ct/install/include -I/mnt/c/Github/metal/ct/certificate-transparency/third_party/objecthash  -D_FORTIFY_SOURCE=2 -L/mnt/c/Github/metal/ct/install/lib -L/mnt/c/Github/metal/ct/certificate-transparency/third_party/objecthash  -Wl,-rpath=/mnt/c/Github/metal/ct/install/lib -pie conftest.cpp -lglog -lgflags -ldl -lpthread -lresolv -lunwind >&5
/tmp/conftest-c67c93.o: In function `main':
conftest.cpp:(.text+0x1d): undefined reference to `CRYPTO_set_locking_callback'
clang: error: linker command failed with exit code 1 (use -v to see invocation)
configure:6849: $? = 1
configure: failed program was:
| /* confdefs.h */
| #define PACKAGE_NAME "certificate-transparency"
| #define PACKAGE_TARNAME "certificate-transparency"
| #define PACKAGE_VERSION "0.9"
| #define PACKAGE_STRING "certificate-transparency 0.9"
| #define PACKAGE_BUGREPORT "certificate-transparency@googlegroups.com"
| #define PACKAGE_URL ""
| #define PACKAGE "certificate-transparency"
| #define VERSION "0.9"
| #define ENABLE_HARDENING /**/
| #define HAVE_SYS_TYPES_H 1
| #define HAVE_NETINET_IN_H 1
| #define HAVE_ARPA_NAMESER_H 1
| #define HAVE_NETDB_H 1
| #define HAVE_RESOLV_H 1
| #define STDC_HEADERS 1
| #define HAVE_SYS_TYPES_H 1
| #define HAVE_SYS_STAT_H 1
| #define HAVE_STDLIB_H 1
| #define HAVE_STRING_H 1
| #define HAVE_MEMORY_H 1
| #define HAVE_STRINGS_H 1
| #define HAVE_INTTYPES_H 1
| #define HAVE_STDINT_H 1
| #define HAVE_UNISTD_H 1
| #define HAVE_ARPA_INET_H 1
| #define HAVE_FCNTL_H 1
| #define HAVE_LIMITS_H 1
| #define HAVE_NETINET_IN_H 1
| #define HAVE_STDDEF_H 1
| #define HAVE_STDINT_H 1
| #define HAVE_STDLIB_H 1
| #define HAVE_STRING_H 1
| #define HAVE_SYS_SOCKET_H 1
| #define HAVE_SYS_TIME_H 1
| #define HAVE_UNISTD_H 1
| #define HAVE_LEVELDB_FILTER_POLICY_H 1
| /* end confdefs.h.  */
| 
| /* Override any GCC internal prototype to avoid an error.
|    Use char because int might match the return type of a GCC
|    builtin and then its argument prototype would still apply.  */
| #ifdef __cplusplus
| extern "C"
| #endif
| char CRYPTO_set_locking_callback ();
| int
| main ()
| {
| return CRYPTO_set_locking_callback ();
|   ;
|   return 0;
| }
configure:6849: clang++ -o conftest  -Wall -Werror  -Qunused-arguments -std=gnu++11 -Qunused-arguments -fstack-protector-all -fPIC -Wa,--noexecstack -Wformat -Wformat-security -I/mnt/c/Github/metal/ct/install/include -I/mnt/c/Github/metal/ct/certificate-transparency/third_party/objecthash  -D_FORTIFY_SOURCE=2 -L/mnt/c/Github/metal/ct/install/lib -L/mnt/c/Github/metal/ct/certificate-transparency/third_party/objecthash  -Wl,-rpath=/mnt/c/Github/metal/ct/install/lib -pie conftest.cpp -lcrypto -lglog -lgflags -ldl -lpthread -lresolv -lunwind -lglog -lgflags -ldl -lpthread -lresolv -lunwind >&5
configure:6849: $? = 0
configure:6866: result: -lcrypto
configure:6876: checking for library containing SSL_CTX_new
configure:6907: clang++ -o conftest  -Wall -Werror  -Qunused-arguments -std=gnu++11 -Qunused-arguments -fstack-protector-all -fPIC -Wa,--noexecstack -Wformat -Wformat-security -I/mnt/c/Github/metal/ct/install/include -I/mnt/c/Github/metal/ct/certificate-transparency/third_party/objecthash  -D_FORTIFY_SOURCE=2 -L/mnt/c/Github/metal/ct/install/lib -L/mnt/c/Github/metal/ct/certificate-transparency/third_party/objecthash  -Wl,-rpath=/mnt/c/Github/metal/ct/install/lib -pie conftest.cpp -lcrypto -lglog -lgflags -ldl -lpthread -lresolv -lunwind >&5
/tmp/conftest-08dccb.o: In function `main':
conftest.cpp:(.text+0x1d): undefined reference to `SSL_CTX_new'
clang: error: linker command failed with exit code 1 (use -v to see invocation)
configure:6907: $? = 1
configure: failed program was:
| /* confdefs.h */
| #define PACKAGE_NAME "certificate-transparency"
| #define PACKAGE_TARNAME "certificate-transparency"
| #define PACKAGE_VERSION "0.9"
| #define PACKAGE_STRING "certificate-transparency 0.9"
| #define PACKAGE_BUGREPORT "certificate-transparency@googlegroups.com"
| #define PACKAGE_URL ""
| #define PACKAGE "certificate-transparency"
| #define VERSION "0.9"
| #define ENABLE_HARDENING /**/
| #define HAVE_SYS_TYPES_H 1
| #define HAVE_NETINET_IN_H 1
| #define HAVE_ARPA_NAMESER_H 1
| #define HAVE_NETDB_H 1
| #define HAVE_RESOLV_H 1
| #define STDC_HEADERS 1
| #define HAVE_SYS_TYPES_H 1
| #define HAVE_SYS_STAT_H 1
| #define HAVE_STDLIB_H 1
| #define HAVE_STRING_H 1
| #define HAVE_MEMORY_H 1
| #define HAVE_STRINGS_H 1
| #define HAVE_INTTYPES_H 1
| #define HAVE_STDINT_H 1
| #define HAVE_UNISTD_H 1
| #define HAVE_ARPA_INET_H 1
| #define HAVE_FCNTL_H 1
| #define HAVE_LIMITS_H 1
| #define HAVE_NETINET_IN_H 1
| #define HAVE_STDDEF_H 1
| #define HAVE_STDINT_H 1
| #define HAVE_STDLIB_H 1
| #define HAVE_STRING_H 1
| #define HAVE_SYS_SOCKET_H 1
| #define HAVE_SYS_TIME_H 1
| #define HAVE_UNISTD_H 1
| #define HAVE_LEVELDB_FILTER_POLICY_H 1
| /* end confdefs.h.  */
| 
| /* Override any GCC internal prototype to avoid an error.
|    Use char because int might match the return type of a GCC
|    builtin and then its argument prototype would still apply.  */
| #ifdef __cplusplus
| extern "C"
| #endif
| char SSL_CTX_new ();
| int
| main ()
| {
| return SSL_CTX_new ();
|   ;
|   return 0;
| }
configure:6907: clang++ -o conftest  -Wall -Werror  -Qunused-arguments -std=gnu++11 -Qunused-arguments -fstack-protector-all -fPIC -Wa,--noexecstack -Wformat -Wformat-security -I/mnt/c/Github/metal/ct/install/include -I/mnt/c/Github/metal/ct/certificate-transparency/third_party/objecthash  -D_FORTIFY_SOURCE=2 -L/mnt/c/Github/metal/ct/install/lib -L/mnt/c/Github/metal/ct/certificate-transparency/third_party/objecthash  -Wl,-rpath=/mnt/c/Github/metal/ct/install/lib -pie conftest.cpp -lssl -lglog -lgflags -ldl -lpthread -lresolv -lunwind -lcrypto -lglog -lgflags -ldl -lpthread -lresolv -lunwind >&5
configure:6907: $? = 0
configure:6924: result: -lssl
configure:6938: checking for BoringSSL
configure:6956: clang++ -c  -Wall -Werror  -Qunused-arguments -std=gnu++11 -Qunused-arguments -fstack-protector-all -fPIC -Wa,--noexecstack -Wformat -Wformat-security -I/mnt/c/Github/metal/ct/install/include -I/mnt/c/Github/metal/ct/certificate-transparency/third_party/objecthash  -D_FORTIFY_SOURCE=2 conftest.cpp >&5
conftest.cpp:39:10: fatal error: 'openssl/base.h' file not found
#include <openssl/base.h>
         ^
1 error generated.
configure:6956: $? = 1
configure: failed program was:
| /* confdefs.h */
| #define PACKAGE_NAME "certificate-transparency"
| #define PACKAGE_TARNAME "certificate-transparency"
| #define PACKAGE_VERSION "0.9"
| #define PACKAGE_STRING "certificate-transparency 0.9"
| #define PACKAGE_BUGREPORT "certificate-transparency@googlegroups.com"
| #define PACKAGE_URL ""
| #define PACKAGE "certificate-transparency"
| #define VERSION "0.9"
| #define ENABLE_HARDENING /**/
| #define HAVE_SYS_TYPES_H 1
| #define HAVE_NETINET_IN_H 1
| #define HAVE_ARPA_NAMESER_H 1
| #define HAVE_NETDB_H 1
| #define HAVE_RESOLV_H 1
| #define STDC_HEADERS 1
| #define HAVE_SYS_TYPES_H 1
| #define HAVE_SYS_STAT_H 1
| #define HAVE_STDLIB_H 1
| #define HAVE_STRING_H 1
| #define HAVE_MEMORY_H 1
| #define HAVE_STRINGS_H 1
| #define HAVE_INTTYPES_H 1
| #define HAVE_STDINT_H 1
| #define HAVE_UNISTD_H 1
| #define HAVE_ARPA_INET_H 1
| #define HAVE_FCNTL_H 1
| #define HAVE_LIMITS_H 1
| #define HAVE_NETINET_IN_H 1
| #define HAVE_STDDEF_H 1
| #define HAVE_STDINT_H 1
| #define HAVE_STDLIB_H 1
| #define HAVE_STRING_H 1
| #define HAVE_SYS_SOCKET_H 1
| #define HAVE_SYS_TIME_H 1
| #define HAVE_UNISTD_H 1
| #define HAVE_LEVELDB_FILTER_POLICY_H 1
| /* end confdefs.h.  */
| #include <openssl/base.h>
| int
| main ()
| {
| 
|                                      #ifndef OPENSSL_IS_BORINGSSL
|                                      # error not boringssl
|                                      #endif
| 
|   ;
|   return 0;
| }
| 
configure:6960: result: no
configure:6967: checking for library containing event_base_dispatch
configure:6998: clang++ -o conftest  -Wall -Werror  -Qunused-arguments -std=gnu++11 -Qunused-arguments -fstack-protector-all -fPIC -Wa,--noexecstack -Wformat -Wformat-security -I/mnt/c/Github/metal/ct/install/include -I/mnt/c/Github/metal/ct/certificate-transparency/third_party/objecthash  -D_FORTIFY_SOURCE=2 -L/mnt/c/Github/metal/ct/install/lib -L/mnt/c/Github/metal/ct/certificate-transparency/third_party/objecthash  -Wl,-rpath=/mnt/c/Github/metal/ct/install/lib -pie conftest.cpp  >&5
/tmp/conftest-68ff22.o: In function `main':
conftest.cpp:(.text+0x1d): undefined reference to `event_base_dispatch'
clang: error: linker command failed with exit code 1 (use -v to see invocation)
configure:6998: $? = 1
configure: failed program was:
| /* confdefs.h */
| #define PACKAGE_NAME "certificate-transparency"
| #define PACKAGE_TARNAME "certificate-transparency"
| #define PACKAGE_VERSION "0.9"
| #define PACKAGE_STRING "certificate-transparency 0.9"
| #define PACKAGE_BUGREPORT "certificate-transparency@googlegroups.com"
| #define PACKAGE_URL ""
| #define PACKAGE "certificate-transparency"
| #define VERSION "0.9"
| #define ENABLE_HARDENING /**/
| #define HAVE_SYS_TYPES_H 1
| #define HAVE_NETINET_IN_H 1
| #define HAVE_ARPA_NAMESER_H 1
| #define HAVE_NETDB_H 1
| #define HAVE_RESOLV_H 1
| #define STDC_HEADERS 1
| #define HAVE_SYS_TYPES_H 1
| #define HAVE_SYS_STAT_H 1
| #define HAVE_STDLIB_H 1
| #define HAVE_STRING_H 1
| #define HAVE_MEMORY_H 1
| #define HAVE_STRINGS_H 1
| #define HAVE_INTTYPES_H 1
| #define HAVE_STDINT_H 1
| #define HAVE_UNISTD_H 1
| #define HAVE_ARPA_INET_H 1
| #define HAVE_FCNTL_H 1
| #define HAVE_LIMITS_H 1
| #define HAVE_NETINET_IN_H 1
| #define HAVE_STDDEF_H 1
| #define HAVE_STDINT_H 1
| #define HAVE_STDLIB_H 1
| #define HAVE_STRING_H 1
| #define HAVE_SYS_SOCKET_H 1
| #define HAVE_SYS_TIME_H 1
| #define HAVE_UNISTD_H 1
| #define HAVE_LEVELDB_FILTER_POLICY_H 1
| /* end confdefs.h.  */
| 
| /* Override any GCC internal prototype to avoid an error.
|    Use char because int might match the return type of a GCC
|    builtin and then its argument prototype would still apply.  */
| #ifdef __cplusplus
| extern "C"
| #endif
| char event_base_dispatch ();
| int
| main ()
| {
| return event_base_dispatch ();
|   ;
|   return 0;
| }
configure:6998: clang++ -o conftest  -Wall -Werror  -Qunused-arguments -std=gnu++11 -Qunused-arguments -fstack-protector-all -fPIC -Wa,--noexecstack -Wformat -Wformat-security -I/mnt/c/Github/metal/ct/install/include -I/mnt/c/Github/metal/ct/certificate-transparency/third_party/objecthash  -D_FORTIFY_SOURCE=2 -L/mnt/c/Github/metal/ct/install/lib -L/mnt/c/Github/metal/ct/certificate-transparency/third_party/objecthash  -Wl,-rpath=/mnt/c/Github/metal/ct/install/lib -pie conftest.cpp -levent -lssl -lcrypto -lglog -lgflags -ldl -lpthread -lresolv -lunwind  >&5
configure:6998: $? = 0
configure:7015: result: -levent
configure:7025: checking for library containing evthread_use_pthreads
configure:7056: clang++ -o conftest  -Wall -Werror  -Qunused-arguments -std=gnu++11 -Qunused-arguments -fstack-protector-all -fPIC -Wa,--noexecstack -Wformat -Wformat-security -I/mnt/c/Github/metal/ct/install/include -I/mnt/c/Github/metal/ct/certificate-transparency/third_party/objecthash  -D_FORTIFY_SOURCE=2 -L/mnt/c/Github/metal/ct/install/lib -L/mnt/c/Github/metal/ct/certificate-transparency/third_party/objecthash  -Wl,-rpath=/mnt/c/Github/metal/ct/install/lib -pie conftest.cpp -levent  >&5
/tmp/conftest-1a1659.o: In function `main':
conftest.cpp:(.text+0x1d): undefined reference to `evthread_use_pthreads'
clang: error: linker command failed with exit code 1 (use -v to see invocation)
configure:7056: $? = 1
configure: failed program was:
| /* confdefs.h */
| #define PACKAGE_NAME "certificate-transparency"
| #define PACKAGE_TARNAME "certificate-transparency"
| #define PACKAGE_VERSION "0.9"
| #define PACKAGE_STRING "certificate-transparency 0.9"
| #define PACKAGE_BUGREPORT "certificate-transparency@googlegroups.com"
| #define PACKAGE_URL ""
| #define PACKAGE "certificate-transparency"
| #define VERSION "0.9"
| #define ENABLE_HARDENING /**/
| #define HAVE_SYS_TYPES_H 1
| #define HAVE_NETINET_IN_H 1
| #define HAVE_ARPA_NAMESER_H 1
| #define HAVE_NETDB_H 1
| #define HAVE_RESOLV_H 1
| #define STDC_HEADERS 1
| #define HAVE_SYS_TYPES_H 1
| #define HAVE_SYS_STAT_H 1
| #define HAVE_STDLIB_H 1
| #define HAVE_STRING_H 1
| #define HAVE_MEMORY_H 1
| #define HAVE_STRINGS_H 1
| #define HAVE_INTTYPES_H 1
| #define HAVE_STDINT_H 1
| #define HAVE_UNISTD_H 1
| #define HAVE_ARPA_INET_H 1
| #define HAVE_FCNTL_H 1
| #define HAVE_LIMITS_H 1
| #define HAVE_NETINET_IN_H 1
| #define HAVE_STDDEF_H 1
| #define HAVE_STDINT_H 1
| #define HAVE_STDLIB_H 1
| #define HAVE_STRING_H 1
| #define HAVE_SYS_SOCKET_H 1
| #define HAVE_SYS_TIME_H 1
| #define HAVE_UNISTD_H 1
| #define HAVE_LEVELDB_FILTER_POLICY_H 1
| /* end confdefs.h.  */
| 
| /* Override any GCC internal prototype to avoid an error.
|    Use char because int might match the return type of a GCC
|    builtin and then its argument prototype would still apply.  */
| #ifdef __cplusplus
| extern "C"
| #endif
| char evthread_use_pthreads ();
| int
| main ()
| {
| return evthread_use_pthreads ();
|   ;
|   return 0;
| }
configure:7056: clang++ -o conftest  -Wall -Werror  -Qunused-arguments -std=gnu++11 -Qunused-arguments -fstack-protector-all -fPIC -Wa,--noexecstack -Wformat -Wformat-security -I/mnt/c/Github/metal/ct/install/include -I/mnt/c/Github/metal/ct/certificate-transparency/third_party/objecthash  -D_FORTIFY_SOURCE=2 -L/mnt/c/Github/metal/ct/install/lib -L/mnt/c/Github/metal/ct/certificate-transparency/third_party/objecthash  -Wl,-rpath=/mnt/c/Github/metal/ct/install/lib -pie conftest.cpp -levent_pthreads -lssl -lcrypto -lglog -lgflags -ldl -lpthread -lresolv -lunwind -levent  >&5
configure:7056: $? = 0
configure:7073: result: -levent_pthreads
configure:7083: checking for library containing bufferevent_openssl_socket_new
configure:7114: clang++ -o conftest  -Wall -Werror  -Qunused-arguments -std=gnu++11 -Qunused-arguments -fstack-protector-all -fPIC -Wa,--noexecstack -Wformat -Wformat-security -I/mnt/c/Github/metal/ct/install/include -I/mnt/c/Github/metal/ct/certificate-transparency/third_party/objecthash  -D_FORTIFY_SOURCE=2 -L/mnt/c/Github/metal/ct/install/lib -L/mnt/c/Github/metal/ct/certificate-transparency/third_party/objecthash  -Wl,-rpath=/mnt/c/Github/metal/ct/install/lib -pie conftest.cpp -levent_pthreads -levent  >&5
/tmp/conftest-c13731.o: In function `main':
conftest.cpp:(.text+0x1d): undefined reference to `bufferevent_openssl_socket_new'
clang: error: linker command failed with exit code 1 (use -v to see invocation)
configure:7114: $? = 1
configure: failed program was:
| /* confdefs.h */
| #define PACKAGE_NAME "certificate-transparency"
| #define PACKAGE_TARNAME "certificate-transparency"
| #define PACKAGE_VERSION "0.9"
| #define PACKAGE_STRING "certificate-transparency 0.9"
| #define PACKAGE_BUGREPORT "certificate-transparency@googlegroups.com"
| #define PACKAGE_URL ""
| #define PACKAGE "certificate-transparency"
| #define VERSION "0.9"
| #define ENABLE_HARDENING /**/
| #define HAVE_SYS_TYPES_H 1
| #define HAVE_NETINET_IN_H 1
| #define HAVE_ARPA_NAMESER_H 1
| #define HAVE_NETDB_H 1
| #define HAVE_RESOLV_H 1
| #define STDC_HEADERS 1
| #define HAVE_SYS_TYPES_H 1
| #define HAVE_SYS_STAT_H 1
| #define HAVE_STDLIB_H 1
| #define HAVE_STRING_H 1
| #define HAVE_MEMORY_H 1
| #define HAVE_STRINGS_H 1
| #define HAVE_INTTYPES_H 1
| #define HAVE_STDINT_H 1
| #define HAVE_UNISTD_H 1
| #define HAVE_ARPA_INET_H 1
| #define HAVE_FCNTL_H 1
| #define HAVE_LIMITS_H 1
| #define HAVE_NETINET_IN_H 1
| #define HAVE_STDDEF_H 1
| #define HAVE_STDINT_H 1
| #define HAVE_STDLIB_H 1
| #define HAVE_STRING_H 1
| #define HAVE_SYS_SOCKET_H 1
| #define HAVE_SYS_TIME_H 1
| #define HAVE_UNISTD_H 1
| #define HAVE_LEVELDB_FILTER_POLICY_H 1
| /* end confdefs.h.  */
| 
| /* Override any GCC internal prototype to avoid an error.
|    Use char because int might match the return type of a GCC
|    builtin and then its argument prototype would still apply.  */
| #ifdef __cplusplus
| extern "C"
| #endif
| char bufferevent_openssl_socket_new ();
| int
| main ()
| {
| return bufferevent_openssl_socket_new ();
|   ;
|   return 0;
| }
configure:7114: clang++ -o conftest  -Wall -Werror  -Qunused-arguments -std=gnu++11 -Qunused-arguments -fstack-protector-all -fPIC -Wa,--noexecstack -Wformat -Wformat-security -I/mnt/c/Github/metal/ct/install/include -I/mnt/c/Github/metal/ct/certificate-transparency/third_party/objecthash  -D_FORTIFY_SOURCE=2 -L/mnt/c/Github/metal/ct/install/lib -L/mnt/c/Github/metal/ct/certificate-transparency/third_party/objecthash  -Wl,-rpath=/mnt/c/Github/metal/ct/install/lib -pie conftest.cpp -levent_openssl -lssl -lcrypto -lglog -lgflags -ldl -lpthread -lresolv -lunwind -levent_pthreads -levent  >&5
configure:7114: $? = 0
configure:7131: result: -levent_openssl
configure:7163: checking for malloc in -ltcmalloc
configure:7188: clang++ -o conftest  -Wall -Werror  -Qunused-arguments -std=gnu++11 -Qunused-arguments -fstack-protector-all -fPIC -Wa,--noexecstack -Wformat -Wformat-security -I/mnt/c/Github/metal/ct/install/include -I/mnt/c/Github/metal/ct/certificate-transparency/third_party/objecthash  -D_FORTIFY_SOURCE=2 -L/mnt/c/Github/metal/ct/install/lib -L/mnt/c/Github/metal/ct/certificate-transparency/third_party/objecthash  -Wl,-rpath=/mnt/c/Github/metal/ct/install/lib -pie conftest.cpp -ltcmalloc  -lssl -lcrypto -lglog -lgflags -ldl -lpthread -lresolv -lunwind >&5
configure:7188: $? = 0
configure:7197: result: yes
configure:7216: checking for int32_t
configure:7216: clang++ -c  -Wall -Werror  -Qunused-arguments -std=gnu++11 -Qunused-arguments -fstack-protector-all -fPIC -Wa,--noexecstack -Wformat -Wformat-security -I/mnt/c/Github/metal/ct/install/include -I/mnt/c/Github/metal/ct/certificate-transparency/third_party/objecthash  -D_FORTIFY_SOURCE=2 conftest.cpp >&5
configure:7216: $? = 0
configure:7216: clang++ -c  -Wall -Werror  -Qunused-arguments -std=gnu++11 -Qunused-arguments -fstack-protector-all -fPIC -Wa,--noexecstack -Wformat -Wformat-security -I/mnt/c/Github/metal/ct/install/include -I/mnt/c/Github/metal/ct/certificate-transparency/third_party/objecthash  -D_FORTIFY_SOURCE=2 conftest.cpp >&5
conftest.cpp:77:24: error: 'test_array' declared as an array with a negative size
static int test_array [1 - 2 * !((int32_t) (((((int32_t) 1 << N) << N) - 1) * 2 + 1)
                       ^~~~~~~~~~~~~~~~~~~~~~~~~~~~~~~~~~~~~~~~~~~~~~~~~~~~~~~~~~~~~
1 error generated.
configure:7216: $? = 1
configure: failed program was:
| /* confdefs.h */
| #define PACKAGE_NAME "certificate-transparency"
| #define PACKAGE_TARNAME "certificate-transparency"
| #define PACKAGE_VERSION "0.9"
| #define PACKAGE_STRING "certificate-transparency 0.9"
| #define PACKAGE_BUGREPORT "certificate-transparency@googlegroups.com"
| #define PACKAGE_URL ""
| #define PACKAGE "certificate-transparency"
| #define VERSION "0.9"
| #define ENABLE_HARDENING /**/
| #define HAVE_SYS_TYPES_H 1
| #define HAVE_NETINET_IN_H 1
| #define HAVE_ARPA_NAMESER_H 1
| #define HAVE_NETDB_H 1
| #define HAVE_RESOLV_H 1
| #define STDC_HEADERS 1
| #define HAVE_SYS_TYPES_H 1
| #define HAVE_SYS_STAT_H 1
| #define HAVE_STDLIB_H 1
| #define HAVE_STRING_H 1
| #define HAVE_MEMORY_H 1
| #define HAVE_STRINGS_H 1
| #define HAVE_INTTYPES_H 1
| #define HAVE_STDINT_H 1
| #define HAVE_UNISTD_H 1
| #define HAVE_ARPA_INET_H 1
| #define HAVE_FCNTL_H 1
| #define HAVE_LIMITS_H 1
| #define HAVE_NETINET_IN_H 1
| #define HAVE_STDDEF_H 1
| #define HAVE_STDINT_H 1
| #define HAVE_STDLIB_H 1
| #define HAVE_STRING_H 1
| #define HAVE_SYS_SOCKET_H 1
| #define HAVE_SYS_TIME_H 1
| #define HAVE_UNISTD_H 1
| #define HAVE_LEVELDB_FILTER_POLICY_H 1
| #define HAVE_LIBTCMALLOC 1
| /* end confdefs.h.  */
| #include <stdio.h>
| #ifdef HAVE_SYS_TYPES_H
| # include <sys/types.h>
| #endif
| #ifdef HAVE_SYS_STAT_H
| # include <sys/stat.h>
| #endif
| #ifdef STDC_HEADERS
| # include <stdlib.h>
| # include <stddef.h>
| #else
| # ifdef HAVE_STDLIB_H
| #  include <stdlib.h>
| # endif
| #endif
| #ifdef HAVE_STRING_H
| # if !defined STDC_HEADERS && defined HAVE_MEMORY_H
| #  include <memory.h>
| # endif
| # include <string.h>
| #endif
| #ifdef HAVE_STRINGS_H
| # include <strings.h>
| #endif
| #ifdef HAVE_INTTYPES_H
| # include <inttypes.h>
| #endif
| #ifdef HAVE_STDINT_H
| # include <stdint.h>
| #endif
| #ifdef HAVE_UNISTD_H
| # include <unistd.h>
| #endif
| 	        enum { N = 32 / 2 - 1 };
| int
| main ()
| {
| static int test_array [1 - 2 * !((int32_t) (((((int32_t) 1 << N) << N) - 1) * 2 + 1)
| 		 < (int32_t) (((((int32_t) 1 << N) << N) - 1) * 2 + 2))];
| test_array [0] = 0;
| return test_array [0];
| 
|   ;
|   return 0;
| }
configure:7216: result: yes
configure:7227: checking for int64_t
configure:7227: clang++ -c  -Wall -Werror  -Qunused-arguments -std=gnu++11 -Qunused-arguments -fstack-protector-all -fPIC -Wa,--noexecstack -Wformat -Wformat-security -I/mnt/c/Github/metal/ct/install/include -I/mnt/c/Github/metal/ct/certificate-transparency/third_party/objecthash  -D_FORTIFY_SOURCE=2 conftest.cpp >&5
configure:7227: $? = 0
configure:7227: clang++ -c  -Wall -Werror  -Qunused-arguments -std=gnu++11 -Qunused-arguments -fstack-protector-all -fPIC -Wa,--noexecstack -Wformat -Wformat-security -I/mnt/c/Github/metal/ct/install/include -I/mnt/c/Github/metal/ct/certificate-transparency/third_party/objecthash  -D_FORTIFY_SOURCE=2 conftest.cpp >&5
conftest.cpp:77:24: error: 'test_array' declared as an array with a negative size
static int test_array [1 - 2 * !((int64_t) (((((int64_t) 1 << N) << N) - 1) * 2 + 1)
                       ^~~~~~~~~~~~~~~~~~~~~~~~~~~~~~~~~~~~~~~~~~~~~~~~~~~~~~~~~~~~~
1 error generated.
configure:7227: $? = 1
configure: failed program was:
| /* confdefs.h */
| #define PACKAGE_NAME "certificate-transparency"
| #define PACKAGE_TARNAME "certificate-transparency"
| #define PACKAGE_VERSION "0.9"
| #define PACKAGE_STRING "certificate-transparency 0.9"
| #define PACKAGE_BUGREPORT "certificate-transparency@googlegroups.com"
| #define PACKAGE_URL ""
| #define PACKAGE "certificate-transparency"
| #define VERSION "0.9"
| #define ENABLE_HARDENING /**/
| #define HAVE_SYS_TYPES_H 1
| #define HAVE_NETINET_IN_H 1
| #define HAVE_ARPA_NAMESER_H 1
| #define HAVE_NETDB_H 1
| #define HAVE_RESOLV_H 1
| #define STDC_HEADERS 1
| #define HAVE_SYS_TYPES_H 1
| #define HAVE_SYS_STAT_H 1
| #define HAVE_STDLIB_H 1
| #define HAVE_STRING_H 1
| #define HAVE_MEMORY_H 1
| #define HAVE_STRINGS_H 1
| #define HAVE_INTTYPES_H 1
| #define HAVE_STDINT_H 1
| #define HAVE_UNISTD_H 1
| #define HAVE_ARPA_INET_H 1
| #define HAVE_FCNTL_H 1
| #define HAVE_LIMITS_H 1
| #define HAVE_NETINET_IN_H 1
| #define HAVE_STDDEF_H 1
| #define HAVE_STDINT_H 1
| #define HAVE_STDLIB_H 1
| #define HAVE_STRING_H 1
| #define HAVE_SYS_SOCKET_H 1
| #define HAVE_SYS_TIME_H 1
| #define HAVE_UNISTD_H 1
| #define HAVE_LEVELDB_FILTER_POLICY_H 1
| #define HAVE_LIBTCMALLOC 1
| /* end confdefs.h.  */
| #include <stdio.h>
| #ifdef HAVE_SYS_TYPES_H
| # include <sys/types.h>
| #endif
| #ifdef HAVE_SYS_STAT_H
| # include <sys/stat.h>
| #endif
| #ifdef STDC_HEADERS
| # include <stdlib.h>
| # include <stddef.h>
| #else
| # ifdef HAVE_STDLIB_H
| #  include <stdlib.h>
| # endif
| #endif
| #ifdef HAVE_STRING_H
| # if !defined STDC_HEADERS && defined HAVE_MEMORY_H
| #  include <memory.h>
| # endif
| # include <string.h>
| #endif
| #ifdef HAVE_STRINGS_H
| # include <strings.h>
| #endif
| #ifdef HAVE_INTTYPES_H
| # include <inttypes.h>
| #endif
| #ifdef HAVE_STDINT_H
| # include <stdint.h>
| #endif
| #ifdef HAVE_UNISTD_H
| # include <unistd.h>
| #endif
| 	        enum { N = 64 / 2 - 1 };
| int
| main ()
| {
| static int test_array [1 - 2 * !((int64_t) (((((int64_t) 1 << N) << N) - 1) * 2 + 1)
| 		 < (int64_t) (((((int64_t) 1 << N) << N) - 1) * 2 + 2))];
| test_array [0] = 0;
| return test_array [0];
| 
|   ;
|   return 0;
| }
configure:7227: result: yes
configure:7238: checking for mode_t
configure:7238: clang++ -c  -Wall -Werror  -Qunused-arguments -std=gnu++11 -Qunused-arguments -fstack-protector-all -fPIC -Wa,--noexecstack -Wformat -Wformat-security -I/mnt/c/Github/metal/ct/install/include -I/mnt/c/Github/metal/ct/certificate-transparency/third_party/objecthash  -D_FORTIFY_SOURCE=2 conftest.cpp >&5
configure:7238: $? = 0
configure:7238: clang++ -c  -Wall -Werror  -Qunused-arguments -std=gnu++11 -Qunused-arguments -fstack-protector-all -fPIC -Wa,--noexecstack -Wformat -Wformat-security -I/mnt/c/Github/metal/ct/install/include -I/mnt/c/Github/metal/ct/certificate-transparency/third_party/objecthash  -D_FORTIFY_SOURCE=2 conftest.cpp >&5
conftest.cpp:76:21: error: expected expression
if (sizeof ((mode_t)))
                    ^
1 error generated.
configure:7238: $? = 1
configure: failed program was:
| /* confdefs.h */
| #define PACKAGE_NAME "certificate-transparency"
| #define PACKAGE_TARNAME "certificate-transparency"
| #define PACKAGE_VERSION "0.9"
| #define PACKAGE_STRING "certificate-transparency 0.9"
| #define PACKAGE_BUGREPORT "certificate-transparency@googlegroups.com"
| #define PACKAGE_URL ""
| #define PACKAGE "certificate-transparency"
| #define VERSION "0.9"
| #define ENABLE_HARDENING /**/
| #define HAVE_SYS_TYPES_H 1
| #define HAVE_NETINET_IN_H 1
| #define HAVE_ARPA_NAMESER_H 1
| #define HAVE_NETDB_H 1
| #define HAVE_RESOLV_H 1
| #define STDC_HEADERS 1
| #define HAVE_SYS_TYPES_H 1
| #define HAVE_SYS_STAT_H 1
| #define HAVE_STDLIB_H 1
| #define HAVE_STRING_H 1
| #define HAVE_MEMORY_H 1
| #define HAVE_STRINGS_H 1
| #define HAVE_INTTYPES_H 1
| #define HAVE_STDINT_H 1
| #define HAVE_UNISTD_H 1
| #define HAVE_ARPA_INET_H 1
| #define HAVE_FCNTL_H 1
| #define HAVE_LIMITS_H 1
| #define HAVE_NETINET_IN_H 1
| #define HAVE_STDDEF_H 1
| #define HAVE_STDINT_H 1
| #define HAVE_STDLIB_H 1
| #define HAVE_STRING_H 1
| #define HAVE_SYS_SOCKET_H 1
| #define HAVE_SYS_TIME_H 1
| #define HAVE_UNISTD_H 1
| #define HAVE_LEVELDB_FILTER_POLICY_H 1
| #define HAVE_LIBTCMALLOC 1
| /* end confdefs.h.  */
| #include <stdio.h>
| #ifdef HAVE_SYS_TYPES_H
| # include <sys/types.h>
| #endif
| #ifdef HAVE_SYS_STAT_H
| # include <sys/stat.h>
| #endif
| #ifdef STDC_HEADERS
| # include <stdlib.h>
| # include <stddef.h>
| #else
| # ifdef HAVE_STDLIB_H
| #  include <stdlib.h>
| # endif
| #endif
| #ifdef HAVE_STRING_H
| # if !defined STDC_HEADERS && defined HAVE_MEMORY_H
| #  include <memory.h>
| # endif
| # include <string.h>
| #endif
| #ifdef HAVE_STRINGS_H
| # include <strings.h>
| #endif
| #ifdef HAVE_INTTYPES_H
| # include <inttypes.h>
| #endif
| #ifdef HAVE_STDINT_H
| # include <stdint.h>
| #endif
| #ifdef HAVE_UNISTD_H
| # include <unistd.h>
| #endif
| int
| main ()
| {
| if (sizeof ((mode_t)))
| 	    return 0;
|   ;
|   return 0;
| }
configure:7238: result: yes
configure:7249: checking for size_t
configure:7249: clang++ -c  -Wall -Werror  -Qunused-arguments -std=gnu++11 -Qunused-arguments -fstack-protector-all -fPIC -Wa,--noexecstack -Wformat -Wformat-security -I/mnt/c/Github/metal/ct/install/include -I/mnt/c/Github/metal/ct/certificate-transparency/third_party/objecthash  -D_FORTIFY_SOURCE=2 conftest.cpp >&5
configure:7249: $? = 0
configure:7249: clang++ -c  -Wall -Werror  -Qunused-arguments -std=gnu++11 -Qunused-arguments -fstack-protector-all -fPIC -Wa,--noexecstack -Wformat -Wformat-security -I/mnt/c/Github/metal/ct/install/include -I/mnt/c/Github/metal/ct/certificate-transparency/third_party/objecthash  -D_FORTIFY_SOURCE=2 conftest.cpp >&5
conftest.cpp:76:21: error: expected expression
if (sizeof ((size_t)))
                    ^
1 error generated.
configure:7249: $? = 1
configure: failed program was:
| /* confdefs.h */
| #define PACKAGE_NAME "certificate-transparency"
| #define PACKAGE_TARNAME "certificate-transparency"
| #define PACKAGE_VERSION "0.9"
| #define PACKAGE_STRING "certificate-transparency 0.9"
| #define PACKAGE_BUGREPORT "certificate-transparency@googlegroups.com"
| #define PACKAGE_URL ""
| #define PACKAGE "certificate-transparency"
| #define VERSION "0.9"
| #define ENABLE_HARDENING /**/
| #define HAVE_SYS_TYPES_H 1
| #define HAVE_NETINET_IN_H 1
| #define HAVE_ARPA_NAMESER_H 1
| #define HAVE_NETDB_H 1
| #define HAVE_RESOLV_H 1
| #define STDC_HEADERS 1
| #define HAVE_SYS_TYPES_H 1
| #define HAVE_SYS_STAT_H 1
| #define HAVE_STDLIB_H 1
| #define HAVE_STRING_H 1
| #define HAVE_MEMORY_H 1
| #define HAVE_STRINGS_H 1
| #define HAVE_INTTYPES_H 1
| #define HAVE_STDINT_H 1
| #define HAVE_UNISTD_H 1
| #define HAVE_ARPA_INET_H 1
| #define HAVE_FCNTL_H 1
| #define HAVE_LIMITS_H 1
| #define HAVE_NETINET_IN_H 1
| #define HAVE_STDDEF_H 1
| #define HAVE_STDINT_H 1
| #define HAVE_STDLIB_H 1
| #define HAVE_STRING_H 1
| #define HAVE_SYS_SOCKET_H 1
| #define HAVE_SYS_TIME_H 1
| #define HAVE_UNISTD_H 1
| #define HAVE_LEVELDB_FILTER_POLICY_H 1
| #define HAVE_LIBTCMALLOC 1
| /* end confdefs.h.  */
| #include <stdio.h>
| #ifdef HAVE_SYS_TYPES_H
| # include <sys/types.h>
| #endif
| #ifdef HAVE_SYS_STAT_H
| # include <sys/stat.h>
| #endif
| #ifdef STDC_HEADERS
| # include <stdlib.h>
| # include <stddef.h>
| #else
| # ifdef HAVE_STDLIB_H
| #  include <stdlib.h>
| # endif
| #endif
| #ifdef HAVE_STRING_H
| # if !defined STDC_HEADERS && defined HAVE_MEMORY_H
| #  include <memory.h>
| # endif
| # include <string.h>
| #endif
| #ifdef HAVE_STRINGS_H
| # include <strings.h>
| #endif
| #ifdef HAVE_INTTYPES_H
| # include <inttypes.h>
| #endif
| #ifdef HAVE_STDINT_H
| # include <stdint.h>
| #endif
| #ifdef HAVE_UNISTD_H
| # include <unistd.h>
| #endif
| int
| main ()
| {
| if (sizeof ((size_t)))
| 	    return 0;
|   ;
|   return 0;
| }
configure:7249: result: yes
configure:7260: checking for ssize_t
configure:7260: clang++ -c  -Wall -Werror  -Qunused-arguments -std=gnu++11 -Qunused-arguments -fstack-protector-all -fPIC -Wa,--noexecstack -Wformat -Wformat-security -I/mnt/c/Github/metal/ct/install/include -I/mnt/c/Github/metal/ct/certificate-transparency/third_party/objecthash  -D_FORTIFY_SOURCE=2 conftest.cpp >&5
configure:7260: $? = 0
configure:7260: clang++ -c  -Wall -Werror  -Qunused-arguments -std=gnu++11 -Qunused-arguments -fstack-protector-all -fPIC -Wa,--noexecstack -Wformat -Wformat-security -I/mnt/c/Github/metal/ct/install/include -I/mnt/c/Github/metal/ct/certificate-transparency/third_party/objecthash  -D_FORTIFY_SOURCE=2 conftest.cpp >&5
conftest.cpp:76:22: error: expected expression
if (sizeof ((ssize_t)))
                     ^
1 error generated.
configure:7260: $? = 1
configure: failed program was:
| /* confdefs.h */
| #define PACKAGE_NAME "certificate-transparency"
| #define PACKAGE_TARNAME "certificate-transparency"
| #define PACKAGE_VERSION "0.9"
| #define PACKAGE_STRING "certificate-transparency 0.9"
| #define PACKAGE_BUGREPORT "certificate-transparency@googlegroups.com"
| #define PACKAGE_URL ""
| #define PACKAGE "certificate-transparency"
| #define VERSION "0.9"
| #define ENABLE_HARDENING /**/
| #define HAVE_SYS_TYPES_H 1
| #define HAVE_NETINET_IN_H 1
| #define HAVE_ARPA_NAMESER_H 1
| #define HAVE_NETDB_H 1
| #define HAVE_RESOLV_H 1
| #define STDC_HEADERS 1
| #define HAVE_SYS_TYPES_H 1
| #define HAVE_SYS_STAT_H 1
| #define HAVE_STDLIB_H 1
| #define HAVE_STRING_H 1
| #define HAVE_MEMORY_H 1
| #define HAVE_STRINGS_H 1
| #define HAVE_INTTYPES_H 1
| #define HAVE_STDINT_H 1
| #define HAVE_UNISTD_H 1
| #define HAVE_ARPA_INET_H 1
| #define HAVE_FCNTL_H 1
| #define HAVE_LIMITS_H 1
| #define HAVE_NETINET_IN_H 1
| #define HAVE_STDDEF_H 1
| #define HAVE_STDINT_H 1
| #define HAVE_STDLIB_H 1
| #define HAVE_STRING_H 1
| #define HAVE_SYS_SOCKET_H 1
| #define HAVE_SYS_TIME_H 1
| #define HAVE_UNISTD_H 1
| #define HAVE_LEVELDB_FILTER_POLICY_H 1
| #define HAVE_LIBTCMALLOC 1
| /* end confdefs.h.  */
| #include <stdio.h>
| #ifdef HAVE_SYS_TYPES_H
| # include <sys/types.h>
| #endif
| #ifdef HAVE_SYS_STAT_H
| # include <sys/stat.h>
| #endif
| #ifdef STDC_HEADERS
| # include <stdlib.h>
| # include <stddef.h>
| #else
| # ifdef HAVE_STDLIB_H
| #  include <stdlib.h>
| # endif
| #endif
| #ifdef HAVE_STRING_H
| # if !defined STDC_HEADERS && defined HAVE_MEMORY_H
| #  include <memory.h>
| # endif
| # include <string.h>
| #endif
| #ifdef HAVE_STRINGS_H
| # include <strings.h>
| #endif
| #ifdef HAVE_INTTYPES_H
| # include <inttypes.h>
| #endif
| #ifdef HAVE_STDINT_H
| # include <stdint.h>
| #endif
| #ifdef HAVE_UNISTD_H
| # include <unistd.h>
| #endif
| int
| main ()
| {
| if (sizeof ((ssize_t)))
| 	    return 0;
|   ;
|   return 0;
| }
configure:7260: result: yes
configure:7271: checking for uint16_t
configure:7271: clang++ -c  -Wall -Werror  -Qunused-arguments -std=gnu++11 -Qunused-arguments -fstack-protector-all -fPIC -Wa,--noexecstack -Wformat -Wformat-security -I/mnt/c/Github/metal/ct/install/include -I/mnt/c/Github/metal/ct/certificate-transparency/third_party/objecthash  -D_FORTIFY_SOURCE=2 conftest.cpp >&5
configure:7271: $? = 0
configure:7271: result: yes
configure:7283: checking for uint32_t
configure:7283: clang++ -c  -Wall -Werror  -Qunused-arguments -std=gnu++11 -Qunused-arguments -fstack-protector-all -fPIC -Wa,--noexecstack -Wformat -Wformat-security -I/mnt/c/Github/metal/ct/install/include -I/mnt/c/Github/metal/ct/certificate-transparency/third_party/objecthash  -D_FORTIFY_SOURCE=2 conftest.cpp >&5
configure:7283: $? = 0
configure:7283: result: yes
configure:7297: checking for uint64_t
configure:7297: clang++ -c  -Wall -Werror  -Qunused-arguments -std=gnu++11 -Qunused-arguments -fstack-protector-all -fPIC -Wa,--noexecstack -Wformat -Wformat-security -I/mnt/c/Github/metal/ct/install/include -I/mnt/c/Github/metal/ct/certificate-transparency/third_party/objecthash  -D_FORTIFY_SOURCE=2 conftest.cpp >&5
configure:7297: $? = 0
configure:7297: result: yes
configure:7311: checking for uint8_t
configure:7311: clang++ -c  -Wall -Werror  -Qunused-arguments -std=gnu++11 -Qunused-arguments -fstack-protector-all -fPIC -Wa,--noexecstack -Wformat -Wformat-security -I/mnt/c/Github/metal/ct/install/include -I/mnt/c/Github/metal/ct/certificate-transparency/third_party/objecthash  -D_FORTIFY_SOURCE=2 conftest.cpp >&5
configure:7311: $? = 0
configure:7311: result: yes
configure:7326: checking whether clang has <threads.h> that supports thread_local
configure:7342: clang++ -o conftest  -Wall -Werror  -Qunused-arguments -std=gnu++11 -Qunused-arguments -fstack-protector-all -fPIC -Wa,--noexecstack -Wformat -Wformat-security -I/mnt/c/Github/metal/ct/install/include -I/mnt/c/Github/metal/ct/certificate-transparency/third_party/objecthash  -D_FORTIFY_SOURCE=2 -L/mnt/c/Github/metal/ct/install/lib -L/mnt/c/Github/metal/ct/certificate-transparency/third_party/objecthash  -Wl,-rpath=/mnt/c/Github/metal/ct/install/lib -pie conftest.cpp -ltcmalloc -lssl -lcrypto -lglog -lgflags -ldl -lpthread -lresolv -lunwind >&5
configure:7342: $? = 0
configure:7350: result: yes
configure:7389: checking whether INADDR_LOOPBACK is declared
configure:7389: clang++ -c  -Wall -Werror  -Qunused-arguments -std=gnu++11 -Qunused-arguments -fstack-protector-all -fPIC -Wa,--noexecstack -Wformat -Wformat-security -I/mnt/c/Github/metal/ct/install/include -I/mnt/c/Github/metal/ct/certificate-transparency/third_party/objecthash  -D_FORTIFY_SOURCE=2 conftest.cpp >&5
configure:7389: $? = 0
configure:7389: result: yes
configure:7402: checking whether pthread_t is a pointer
configure:7418: clang++ -c  -Wall -Werror  -Qunused-arguments -std=gnu++11 -Qunused-arguments -fstack-protector-all -fPIC -Wa,--noexecstack -Wformat -Wformat-security -I/mnt/c/Github/metal/ct/install/include -I/mnt/c/Github/metal/ct/certificate-transparency/third_party/objecthash  -D_FORTIFY_SOURCE=2 conftest.cpp >&5
conftest.cpp:49:1: error: no matching function for call to 'TakesPointer'
TakesPointer(pthread_self())
^~~~~~~~~~~~
conftest.cpp:44:6: note: candidate function not viable: no known conversion from 'pthread_t' (aka 'unsigned long') to 'void *' for 1st argument
void TakesPointer(void*);
     ^
1 error generated.
configure:7418: $? = 1
configure: failed program was:
| /* confdefs.h */
| #define PACKAGE_NAME "certificate-transparency"
| #define PACKAGE_TARNAME "certificate-transparency"
| #define PACKAGE_VERSION "0.9"
| #define PACKAGE_STRING "certificate-transparency 0.9"
| #define PACKAGE_BUGREPORT "certificate-transparency@googlegroups.com"
| #define PACKAGE_URL ""
| #define PACKAGE "certificate-transparency"
| #define VERSION "0.9"
| #define ENABLE_HARDENING /**/
| #define HAVE_SYS_TYPES_H 1
| #define HAVE_NETINET_IN_H 1
| #define HAVE_ARPA_NAMESER_H 1
| #define HAVE_NETDB_H 1
| #define HAVE_RESOLV_H 1
| #define STDC_HEADERS 1
| #define HAVE_SYS_TYPES_H 1
| #define HAVE_SYS_STAT_H 1
| #define HAVE_STDLIB_H 1
| #define HAVE_STRING_H 1
| #define HAVE_MEMORY_H 1
| #define HAVE_STRINGS_H 1
| #define HAVE_INTTYPES_H 1
| #define HAVE_STDINT_H 1
| #define HAVE_UNISTD_H 1
| #define HAVE_ARPA_INET_H 1
| #define HAVE_FCNTL_H 1
| #define HAVE_LIMITS_H 1
| #define HAVE_NETINET_IN_H 1
| #define HAVE_STDDEF_H 1
| #define HAVE_STDINT_H 1
| #define HAVE_STDLIB_H 1
| #define HAVE_STRING_H 1
| #define HAVE_SYS_SOCKET_H 1
| #define HAVE_SYS_TIME_H 1
| #define HAVE_UNISTD_H 1
| #define HAVE_LEVELDB_FILTER_POLICY_H 1
| #define HAVE_LIBTCMALLOC 1
| #define HAVE_THREAD_LOCAL 1
| #define HAVE_DECL_INADDR_LOOPBACK 1
| /* end confdefs.h.  */
| 
| #include <pthread.h>
| void TakesPointer(void*);
| 
| int
| main ()
| {
| TakesPointer(pthread_self())
|   ;
|   return 0;
| }
configure:7424: result: no
configure:7433: checking for pid_t
configure:7433: clang++ -c  -Wall -Werror  -Qunused-arguments -std=gnu++11 -Qunused-arguments -fstack-protector-all -fPIC -Wa,--noexecstack -Wformat -Wformat-security -I/mnt/c/Github/metal/ct/install/include -I/mnt/c/Github/metal/ct/certificate-transparency/third_party/objecthash  -D_FORTIFY_SOURCE=2 conftest.cpp >&5
configure:7433: $? = 0
configure:7433: clang++ -c  -Wall -Werror  -Qunused-arguments -std=gnu++11 -Qunused-arguments -fstack-protector-all -fPIC -Wa,--noexecstack -Wformat -Wformat-security -I/mnt/c/Github/metal/ct/install/include -I/mnt/c/Github/metal/ct/certificate-transparency/third_party/objecthash  -D_FORTIFY_SOURCE=2 conftest.cpp >&5
conftest.cpp:78:20: error: expected expression
if (sizeof ((pid_t)))
                   ^
1 error generated.
configure:7433: $? = 1
configure: failed program was:
| /* confdefs.h */
| #define PACKAGE_NAME "certificate-transparency"
| #define PACKAGE_TARNAME "certificate-transparency"
| #define PACKAGE_VERSION "0.9"
| #define PACKAGE_STRING "certificate-transparency 0.9"
| #define PACKAGE_BUGREPORT "certificate-transparency@googlegroups.com"
| #define PACKAGE_URL ""
| #define PACKAGE "certificate-transparency"
| #define VERSION "0.9"
| #define ENABLE_HARDENING /**/
| #define HAVE_SYS_TYPES_H 1
| #define HAVE_NETINET_IN_H 1
| #define HAVE_ARPA_NAMESER_H 1
| #define HAVE_NETDB_H 1
| #define HAVE_RESOLV_H 1
| #define STDC_HEADERS 1
| #define HAVE_SYS_TYPES_H 1
| #define HAVE_SYS_STAT_H 1
| #define HAVE_STDLIB_H 1
| #define HAVE_STRING_H 1
| #define HAVE_MEMORY_H 1
| #define HAVE_STRINGS_H 1
| #define HAVE_INTTYPES_H 1
| #define HAVE_STDINT_H 1
| #define HAVE_UNISTD_H 1
| #define HAVE_ARPA_INET_H 1
| #define HAVE_FCNTL_H 1
| #define HAVE_LIMITS_H 1
| #define HAVE_NETINET_IN_H 1
| #define HAVE_STDDEF_H 1
| #define HAVE_STDINT_H 1
| #define HAVE_STDLIB_H 1
| #define HAVE_STRING_H 1
| #define HAVE_SYS_SOCKET_H 1
| #define HAVE_SYS_TIME_H 1
| #define HAVE_UNISTD_H 1
| #define HAVE_LEVELDB_FILTER_POLICY_H 1
| #define HAVE_LIBTCMALLOC 1
| #define HAVE_THREAD_LOCAL 1
| #define HAVE_DECL_INADDR_LOOPBACK 1
| /* end confdefs.h.  */
| #include <stdio.h>
| #ifdef HAVE_SYS_TYPES_H
| # include <sys/types.h>
| #endif
| #ifdef HAVE_SYS_STAT_H
| # include <sys/stat.h>
| #endif
| #ifdef STDC_HEADERS
| # include <stdlib.h>
| # include <stddef.h>
| #else
| # ifdef HAVE_STDLIB_H
| #  include <stdlib.h>
| # endif
| #endif
| #ifdef HAVE_STRING_H
| # if !defined STDC_HEADERS && defined HAVE_MEMORY_H
| #  include <memory.h>
| # endif
| # include <string.h>
| #endif
| #ifdef HAVE_STRINGS_H
| # include <strings.h>
| #endif
| #ifdef HAVE_INTTYPES_H
| # include <inttypes.h>
| #endif
| #ifdef HAVE_STDINT_H
| # include <stdint.h>
| #endif
| #ifdef HAVE_UNISTD_H
| # include <unistd.h>
| #endif
| int
| main ()
| {
| if (sizeof ((pid_t)))
| 	    return 0;
|   ;
|   return 0;
| }
configure:7433: result: yes
configure:7446: checking vfork.h usability
configure:7446: clang++ -c  -Wall -Werror  -Qunused-arguments -std=gnu++11 -Qunused-arguments -fstack-protector-all -fPIC -Wa,--noexecstack -Wformat -Wformat-security -I/mnt/c/Github/metal/ct/install/include -I/mnt/c/Github/metal/ct/certificate-transparency/third_party/objecthash  -D_FORTIFY_SOURCE=2 conftest.cpp >&5
conftest.cpp:75:10: fatal error: 'vfork.h' file not found
#include <vfork.h>
         ^
1 error generated.
configure:7446: $? = 1
configure: failed program was:
| /* confdefs.h */
| #define PACKAGE_NAME "certificate-transparency"
| #define PACKAGE_TARNAME "certificate-transparency"
| #define PACKAGE_VERSION "0.9"
| #define PACKAGE_STRING "certificate-transparency 0.9"
| #define PACKAGE_BUGREPORT "certificate-transparency@googlegroups.com"
| #define PACKAGE_URL ""
| #define PACKAGE "certificate-transparency"
| #define VERSION "0.9"
| #define ENABLE_HARDENING /**/
| #define HAVE_SYS_TYPES_H 1
| #define HAVE_NETINET_IN_H 1
| #define HAVE_ARPA_NAMESER_H 1
| #define HAVE_NETDB_H 1
| #define HAVE_RESOLV_H 1
| #define STDC_HEADERS 1
| #define HAVE_SYS_TYPES_H 1
| #define HAVE_SYS_STAT_H 1
| #define HAVE_STDLIB_H 1
| #define HAVE_STRING_H 1
| #define HAVE_MEMORY_H 1
| #define HAVE_STRINGS_H 1
| #define HAVE_INTTYPES_H 1
| #define HAVE_STDINT_H 1
| #define HAVE_UNISTD_H 1
| #define HAVE_ARPA_INET_H 1
| #define HAVE_FCNTL_H 1
| #define HAVE_LIMITS_H 1
| #define HAVE_NETINET_IN_H 1
| #define HAVE_STDDEF_H 1
| #define HAVE_STDINT_H 1
| #define HAVE_STDLIB_H 1
| #define HAVE_STRING_H 1
| #define HAVE_SYS_SOCKET_H 1
| #define HAVE_SYS_TIME_H 1
| #define HAVE_UNISTD_H 1
| #define HAVE_LEVELDB_FILTER_POLICY_H 1
| #define HAVE_LIBTCMALLOC 1
| #define HAVE_THREAD_LOCAL 1
| #define HAVE_DECL_INADDR_LOOPBACK 1
| /* end confdefs.h.  */
| #include <stdio.h>
| #ifdef HAVE_SYS_TYPES_H
| # include <sys/types.h>
| #endif
| #ifdef HAVE_SYS_STAT_H
| # include <sys/stat.h>
| #endif
| #ifdef STDC_HEADERS
| # include <stdlib.h>
| # include <stddef.h>
| #else
| # ifdef HAVE_STDLIB_H
| #  include <stdlib.h>
| # endif
| #endif
| #ifdef HAVE_STRING_H
| # if !defined STDC_HEADERS && defined HAVE_MEMORY_H
| #  include <memory.h>
| # endif
| # include <string.h>
| #endif
| #ifdef HAVE_STRINGS_H
| # include <strings.h>
| #endif
| #ifdef HAVE_INTTYPES_H
| # include <inttypes.h>
| #endif
| #ifdef HAVE_STDINT_H
| # include <stdint.h>
| #endif
| #ifdef HAVE_UNISTD_H
| # include <unistd.h>
| #endif
| #include <vfork.h>
configure:7446: result: no
configure:7446: checking vfork.h presence
configure:7446: clang++ -E -I/mnt/c/Github/metal/ct/install/include -I/mnt/c/Github/metal/ct/certificate-transparency/third_party/objecthash  -D_FORTIFY_SOURCE=2 conftest.cpp
conftest.cpp:42:10: fatal error: 'vfork.h' file not found
#include <vfork.h>
         ^
1 error generated.
configure:7446: $? = 1
configure: failed program was:
| /* confdefs.h */
| #define PACKAGE_NAME "certificate-transparency"
| #define PACKAGE_TARNAME "certificate-transparency"
| #define PACKAGE_VERSION "0.9"
| #define PACKAGE_STRING "certificate-transparency 0.9"
| #define PACKAGE_BUGREPORT "certificate-transparency@googlegroups.com"
| #define PACKAGE_URL ""
| #define PACKAGE "certificate-transparency"
| #define VERSION "0.9"
| #define ENABLE_HARDENING /**/
| #define HAVE_SYS_TYPES_H 1
| #define HAVE_NETINET_IN_H 1
| #define HAVE_ARPA_NAMESER_H 1
| #define HAVE_NETDB_H 1
| #define HAVE_RESOLV_H 1
| #define STDC_HEADERS 1
| #define HAVE_SYS_TYPES_H 1
| #define HAVE_SYS_STAT_H 1
| #define HAVE_STDLIB_H 1
| #define HAVE_STRING_H 1
| #define HAVE_MEMORY_H 1
| #define HAVE_STRINGS_H 1
| #define HAVE_INTTYPES_H 1
| #define HAVE_STDINT_H 1
| #define HAVE_UNISTD_H 1
| #define HAVE_ARPA_INET_H 1
| #define HAVE_FCNTL_H 1
| #define HAVE_LIMITS_H 1
| #define HAVE_NETINET_IN_H 1
| #define HAVE_STDDEF_H 1
| #define HAVE_STDINT_H 1
| #define HAVE_STDLIB_H 1
| #define HAVE_STRING_H 1
| #define HAVE_SYS_SOCKET_H 1
| #define HAVE_SYS_TIME_H 1
| #define HAVE_UNISTD_H 1
| #define HAVE_LEVELDB_FILTER_POLICY_H 1
| #define HAVE_LIBTCMALLOC 1
| #define HAVE_THREAD_LOCAL 1
| #define HAVE_DECL_INADDR_LOOPBACK 1
| /* end confdefs.h.  */
| #include <vfork.h>
configure:7446: result: no
configure:7446: checking for vfork.h
configure:7446: result: no
configure:7459: checking for fork
configure:7459: clang++ -o conftest  -Wall -Werror  -Qunused-arguments -std=gnu++11 -Qunused-arguments -fstack-protector-all -fPIC -Wa,--noexecstack -Wformat -Wformat-security -I/mnt/c/Github/metal/ct/install/include -I/mnt/c/Github/metal/ct/certificate-transparency/third_party/objecthash  -D_FORTIFY_SOURCE=2 -L/mnt/c/Github/metal/ct/install/lib -L/mnt/c/Github/metal/ct/certificate-transparency/third_party/objecthash  -Wl,-rpath=/mnt/c/Github/metal/ct/install/lib -pie conftest.cpp -ltcmalloc -lssl -lcrypto -lglog -lgflags -ldl -lpthread -lresolv -lunwind >&5
configure:7459: $? = 0
configure:7459: result: yes
configure:7459: checking for vfork
configure:7459: clang++ -o conftest  -Wall -Werror  -Qunused-arguments -std=gnu++11 -Qunused-arguments -fstack-protector-all -fPIC -Wa,--noexecstack -Wformat -Wformat-security -I/mnt/c/Github/metal/ct/install/include -I/mnt/c/Github/metal/ct/certificate-transparency/third_party/objecthash  -D_FORTIFY_SOURCE=2 -L/mnt/c/Github/metal/ct/install/lib -L/mnt/c/Github/metal/ct/certificate-transparency/third_party/objecthash  -Wl,-rpath=/mnt/c/Github/metal/ct/install/lib -pie conftest.cpp -ltcmalloc -lssl -lcrypto -lglog -lgflags -ldl -lpthread -lresolv -lunwind >&5
configure:7459: $? = 0
configure:7459: result: yes
configure:7469: checking for working fork
configure:7491: clang++ -o conftest  -Wall -Werror  -Qunused-arguments -std=gnu++11 -Qunused-arguments -fstack-protector-all -fPIC -Wa,--noexecstack -Wformat -Wformat-security -I/mnt/c/Github/metal/ct/install/include -I/mnt/c/Github/metal/ct/certificate-transparency/third_party/objecthash  -D_FORTIFY_SOURCE=2 -L/mnt/c/Github/metal/ct/install/lib -L/mnt/c/Github/metal/ct/certificate-transparency/third_party/objecthash  -Wl,-rpath=/mnt/c/Github/metal/ct/install/lib -pie conftest.cpp -ltcmalloc -lssl -lcrypto -lglog -lgflags -ldl -lpthread -lresolv -lunwind >&5
configure:7491: $? = 0
configure:7491: ./conftest
configure:7491: $? = 0
configure:7501: result: yes
configure:7522: checking for working vfork
configure:7632: result: yes
configure:7660: checking for alarm
configure:7660: clang++ -o conftest  -Wall -Werror  -Qunused-arguments -std=gnu++11 -Qunused-arguments -fstack-protector-all -fPIC -Wa,--noexecstack -Wformat -Wformat-security -I/mnt/c/Github/metal/ct/install/include -I/mnt/c/Github/metal/ct/certificate-transparency/third_party/objecthash  -D_FORTIFY_SOURCE=2 -L/mnt/c/Github/metal/ct/install/lib -L/mnt/c/Github/metal/ct/certificate-transparency/third_party/objecthash  -Wl,-rpath=/mnt/c/Github/metal/ct/install/lib -pie conftest.cpp -ltcmalloc -lssl -lcrypto -lglog -lgflags -ldl -lpthread -lresolv -lunwind >&5
configure:7660: $? = 0
configure:7660: result: yes
configure:7660: checking for gettimeofday
configure:7660: clang++ -o conftest  -Wall -Werror  -Qunused-arguments -std=gnu++11 -Qunused-arguments -fstack-protector-all -fPIC -Wa,--noexecstack -Wformat -Wformat-security -I/mnt/c/Github/metal/ct/install/include -I/mnt/c/Github/metal/ct/certificate-transparency/third_party/objecthash  -D_FORTIFY_SOURCE=2 -L/mnt/c/Github/metal/ct/install/lib -L/mnt/c/Github/metal/ct/certificate-transparency/third_party/objecthash  -Wl,-rpath=/mnt/c/Github/metal/ct/install/lib -pie conftest.cpp -ltcmalloc -lssl -lcrypto -lglog -lgflags -ldl -lpthread -lresolv -lunwind >&5
configure:7660: $? = 0
configure:7660: result: yes
configure:7660: checking for memset
configure:7660: clang++ -o conftest  -Wall -Werror  -Qunused-arguments -std=gnu++11 -Qunused-arguments -fstack-protector-all -fPIC -Wa,--noexecstack -Wformat -Wformat-security -I/mnt/c/Github/metal/ct/install/include -I/mnt/c/Github/metal/ct/certificate-transparency/third_party/objecthash  -D_FORTIFY_SOURCE=2 -L/mnt/c/Github/metal/ct/install/lib -L/mnt/c/Github/metal/ct/certificate-transparency/third_party/objecthash  -Wl,-rpath=/mnt/c/Github/metal/ct/install/lib -pie conftest.cpp -ltcmalloc -lssl -lcrypto -lglog -lgflags -ldl -lpthread -lresolv -lunwind >&5
configure:7660: $? = 0
configure:7660: result: yes
configure:7660: checking for mkdir
configure:7660: clang++ -o conftest  -Wall -Werror  -Qunused-arguments -std=gnu++11 -Qunused-arguments -fstack-protector-all -fPIC -Wa,--noexecstack -Wformat -Wformat-security -I/mnt/c/Github/metal/ct/install/include -I/mnt/c/Github/metal/ct/certificate-transparency/third_party/objecthash  -D_FORTIFY_SOURCE=2 -L/mnt/c/Github/metal/ct/install/lib -L/mnt/c/Github/metal/ct/certificate-transparency/third_party/objecthash  -Wl,-rpath=/mnt/c/Github/metal/ct/install/lib -pie conftest.cpp -ltcmalloc -lssl -lcrypto -lglog -lgflags -ldl -lpthread -lresolv -lunwind >&5
configure:7660: $? = 0
configure:7660: result: yes
configure:7660: checking for select
configure:7660: clang++ -o conftest  -Wall -Werror  -Qunused-arguments -std=gnu++11 -Qunused-arguments -fstack-protector-all -fPIC -Wa,--noexecstack -Wformat -Wformat-security -I/mnt/c/Github/metal/ct/install/include -I/mnt/c/Github/metal/ct/certificate-transparency/third_party/objecthash  -D_FORTIFY_SOURCE=2 -L/mnt/c/Github/metal/ct/install/lib -L/mnt/c/Github/metal/ct/certificate-transparency/third_party/objecthash  -Wl,-rpath=/mnt/c/Github/metal/ct/install/lib -pie conftest.cpp -ltcmalloc -lssl -lcrypto -lglog -lgflags -ldl -lpthread -lresolv -lunwind >&5
configure:7660: $? = 0
configure:7660: result: yes
configure:7660: checking for socket
configure:7660: clang++ -o conftest  -Wall -Werror  -Qunused-arguments -std=gnu++11 -Qunused-arguments -fstack-protector-all -fPIC -Wa,--noexecstack -Wformat -Wformat-security -I/mnt/c/Github/metal/ct/install/include -I/mnt/c/Github/metal/ct/certificate-transparency/third_party/objecthash  -D_FORTIFY_SOURCE=2 -L/mnt/c/Github/metal/ct/install/lib -L/mnt/c/Github/metal/ct/certificate-transparency/third_party/objecthash  -Wl,-rpath=/mnt/c/Github/metal/ct/install/lib -pie conftest.cpp -ltcmalloc -lssl -lcrypto -lglog -lgflags -ldl -lpthread -lresolv -lunwind >&5
configure:7660: $? = 0
configure:7660: result: yes
configure:7660: checking for strdup
configure:7660: clang++ -o conftest  -Wall -Werror  -Qunused-arguments -std=gnu++11 -Qunused-arguments -fstack-protector-all -fPIC -Wa,--noexecstack -Wformat -Wformat-security -I/mnt/c/Github/metal/ct/install/include -I/mnt/c/Github/metal/ct/certificate-transparency/third_party/objecthash  -D_FORTIFY_SOURCE=2 -L/mnt/c/Github/metal/ct/install/lib -L/mnt/c/Github/metal/ct/certificate-transparency/third_party/objecthash  -Wl,-rpath=/mnt/c/Github/metal/ct/install/lib -pie conftest.cpp -ltcmalloc -lssl -lcrypto -lglog -lgflags -ldl -lpthread -lresolv -lunwind >&5
configure:7660: $? = 0
configure:7660: result: yes
configure:7660: checking for strerror
configure:7660: clang++ -o conftest  -Wall -Werror  -Qunused-arguments -std=gnu++11 -Qunused-arguments -fstack-protector-all -fPIC -Wa,--noexecstack -Wformat -Wformat-security -I/mnt/c/Github/metal/ct/install/include -I/mnt/c/Github/metal/ct/certificate-transparency/third_party/objecthash  -D_FORTIFY_SOURCE=2 -L/mnt/c/Github/metal/ct/install/lib -L/mnt/c/Github/metal/ct/certificate-transparency/third_party/objecthash  -Wl,-rpath=/mnt/c/Github/metal/ct/install/lib -pie conftest.cpp -ltcmalloc -lssl -lcrypto -lglog -lgflags -ldl -lpthread -lresolv -lunwind >&5
configure:7660: $? = 0
configure:7660: result: yes
configure:7660: checking for strtol
configure:7660: clang++ -o conftest  -Wall -Werror  -Qunused-arguments -std=gnu++11 -Qunused-arguments -fstack-protector-all -fPIC -Wa,--noexecstack -Wformat -Wformat-security -I/mnt/c/Github/metal/ct/install/include -I/mnt/c/Github/metal/ct/certificate-transparency/third_party/objecthash  -D_FORTIFY_SOURCE=2 -L/mnt/c/Github/metal/ct/install/lib -L/mnt/c/Github/metal/ct/certificate-transparency/third_party/objecthash  -Wl,-rpath=/mnt/c/Github/metal/ct/install/lib -pie conftest.cpp -ltcmalloc -lssl -lcrypto -lglog -lgflags -ldl -lpthread -lresolv -lunwind >&5
configure:7660: $? = 0
configure:7660: result: yes
configure:7817: checking that generated files are newer than configure
configure:7823: result: done
configure:7862: creating ./config.status

## ---------------------- ##
## Running config.status. ##
## ---------------------- ##

This file was extended by certificate-transparency config.status 0.9, which was
generated by GNU Autoconf 2.69.  Invocation command line was

  CONFIG_FILES    = 
  CONFIG_HEADERS  = 
  CONFIG_LINKS    = 
  CONFIG_COMMANDS = 
  $ ./config.status 

on LAPTOP-U0EVOPHL

config.status:921: creating Makefile
config.status:921: creating cpp/config.h
config.status:1150: executing depfiles commands

## ---------------- ##
## Cache variables. ##
## ---------------- ##

ac_cv_c_compiler_gnu=yes
ac_cv_c_int32_t=yes
ac_cv_c_int64_t=yes
ac_cv_c_uint16_t=yes
ac_cv_c_uint32_t=yes
ac_cv_c_uint64_t=yes
ac_cv_c_uint8_t=yes
ac_cv_cxx_compiler_gnu=yes
ac_cv_env_CCC_set=
ac_cv_env_CCC_value=
ac_cv_env_CC_set=set
ac_cv_env_CC_value=clang
ac_cv_env_CFLAGS_set=
ac_cv_env_CFLAGS_value=
ac_cv_env_CPPFLAGS_set=set
ac_cv_env_CPPFLAGS_value='-I/mnt/c/Github/metal/ct/install/include -I/mnt/c/Github/metal/ct/certificate-transparency/third_party/objecthash '
ac_cv_env_CPP_set=
ac_cv_env_CPP_value=
ac_cv_env_CXXCPP_set=
ac_cv_env_CXXCPP_value=
ac_cv_env_CXXFLAGS_set=set
ac_cv_env_CXXFLAGS_value=' -Wall -Werror  -Qunused-arguments'
ac_cv_env_CXX_set=set
ac_cv_env_CXX_value=clang++
ac_cv_env_GMOCK_DIR_set=set
ac_cv_env_GMOCK_DIR_value=/mnt/c/Github/metal/ct/googlemock
ac_cv_env_GTEST_DIR_set=
ac_cv_env_GTEST_DIR_value=
ac_cv_env_INSTALL_DIR_set=set
ac_cv_env_INSTALL_DIR_value=/mnt/c/Github/metal/ct/install
ac_cv_env_LDFLAGS_set=set
ac_cv_env_LDFLAGS_value='-L/mnt/c/Github/metal/ct/install/lib -L/mnt/c/Github/metal/ct/certificate-transparency/third_party/objecthash  -Wl,-rpath=/mnt/c/Github/metal/ct/install/lib'
ac_cv_env_LIBS_set=set
ac_cv_env_LIBS_value=-lunwind
ac_cv_env_PKG_CONFIG_LIBDIR_set=
ac_cv_env_PKG_CONFIG_LIBDIR_value=
ac_cv_env_PKG_CONFIG_PATH_set=set
ac_cv_env_PKG_CONFIG_PATH_value=/mnt/c/Github/metal/ct/install/lib/pkgconfig
ac_cv_env_PKG_CONFIG_set=
ac_cv_env_PKG_CONFIG_value=
ac_cv_env_build_alias_set=
ac_cv_env_build_alias_value=
ac_cv_env_evhtp_CFLAGS_set=
ac_cv_env_evhtp_CFLAGS_value=
ac_cv_env_evhtp_LIBS_set=
ac_cv_env_evhtp_LIBS_value=
ac_cv_env_host_alias_set=
ac_cv_env_host_alias_value=
ac_cv_env_json_c_CFLAGS_set=
ac_cv_env_json_c_CFLAGS_value=
ac_cv_env_json_c_LIBS_set=
ac_cv_env_json_c_LIBS_value=
ac_cv_env_target_alias_set=
ac_cv_env_target_alias_value=
ac_cv_func_alarm=yes
ac_cv_func_fork=yes
ac_cv_func_fork_works=yes
ac_cv_func_gettimeofday=yes
ac_cv_func_memset=yes
ac_cv_func_mkdir=yes
ac_cv_func_select=yes
ac_cv_func_socket=yes
ac_cv_func_strdup=yes
ac_cv_func_strerror=yes
ac_cv_func_strtol=yes
ac_cv_func_vfork=yes
ac_cv_func_vfork_works=yes
ac_cv_have_decl_INADDR_LOOPBACK=yes
ac_cv_header__mnt_c_Github_metal_ct_googlemock_gtest_src_gtest_all_cc=yes
ac_cv_header__mnt_c_Github_metal_ct_googlemock_src_gmock_all_cc=yes
ac_cv_header_arpa_inet_h=yes
ac_cv_header_arpa_nameser_h=yes
ac_cv_header_event2_event_h=yes
ac_cv_header_fcntl_h=yes
ac_cv_header_gflags_gflags_h=yes
ac_cv_header_glog_logging_h=yes
ac_cv_header_gmock_gmock_h=yes
ac_cv_header_google_protobuf_message_h=yes
ac_cv_header_gtest_gtest_h=yes
ac_cv_header_inttypes_h=yes
ac_cv_header_ldns_ldns_h=yes
ac_cv_header_leveldb_db_h=yes
ac_cv_header_leveldb_filter_policy_h=yes
ac_cv_header_limits_h=yes
ac_cv_header_memory_h=yes
ac_cv_header_netdb_h=yes
ac_cv_header_netinet_in_h=yes
ac_cv_header_objecthash_h=yes
ac_cv_header_resolv_h=yes
ac_cv_header_sqlite3_h=yes
ac_cv_header_stdc=yes
ac_cv_header_stddef_h=yes
ac_cv_header_stdint_h=yes
ac_cv_header_stdlib_h=yes
ac_cv_header_string_h=yes
ac_cv_header_strings_h=yes
ac_cv_header_sys_socket_h=yes
ac_cv_header_sys_stat_h=yes
ac_cv_header_sys_time_h=yes
ac_cv_header_sys_types_h=yes
ac_cv_header_unistd_h=yes
ac_cv_header_vfork_h=no
ac_cv_lib_tcmalloc_malloc=yes
ac_cv_objext=o
ac_cv_path_EGREP='/bin/grep -E'
ac_cv_path_GREP=/bin/grep
ac_cv_path_PROTOC=/mnt/c/Github/metal/ct/install/bin/protoc
ac_cv_path_ac_pt_PKG_CONFIG=/usr/bin/pkg-config
ac_cv_path_install='/usr/bin/install -c'
ac_cv_path_mkdir=/bin/mkdir
ac_cv_prog_AWK=gawk
ac_cv_prog_CPP='clang -E'
ac_cv_prog_CXXCPP='clang++ -E'
ac_cv_prog_ac_ct_AR=ar
ac_cv_prog_ac_ct_CC=clang
ac_cv_prog_ac_ct_RANLIB=ranlib
ac_cv_prog_cc_c89=
ac_cv_prog_cc_g=yes
ac_cv_prog_cxx_g=yes
ac_cv_prog_make_make_set=yes
ac_cv_search_CRYPTO_set_locking_callback=-lcrypto
ac_cv_search_SSL_CTX_new=-lssl
ac_cv_search___b64_ntop=-lresolv
ac_cv_search_bufferevent_openssl_socket_new=-levent_openssl
ac_cv_search_clock_gettime='none required'
ac_cv_search_dlopen=-ldl
ac_cv_search_event_base_dispatch=-levent
ac_cv_search_evthread_use_pthreads=-levent_pthreads
ac_cv_search_leveldb_open=-lleveldb
ac_cv_search_lzma_index_size=no
ac_cv_search_pthread_create=-lpthread
ac_cv_search_snappy_compress=-lsnappy
ac_cv_search_sqlite3_open=-lsqlite3
ac_cv_type_mode_t=yes
ac_cv_type_pid_t=yes
ac_cv_type_size_t=yes
ac_cv_type_ssize_t=yes
am_cv_CC_dependencies_compiler_type=gcc3
am_cv_CXX_dependencies_compiler_type=gcc3
am_cv_ar_interface=ar
am_cv_make_support_nested_variables=yes
am_cv_prog_cc_c_o=yes
ax_cv_cxx_compile_cxx11=no
ax_cv_cxx_compile_cxx11__std_gnupp11=yes
ct_cv_thread_local=yes
pkg_cv_evhtp_CFLAGS=-I/mnt/c/Github/metal/ct/install/include/evhtp
pkg_cv_evhtp_LIBS='-L/mnt/c/Github/metal/ct/install/lib -levhtp'
pkg_cv_json_c_CFLAGS=-I/mnt/c/Github/metal/ct/install/include/json-c
pkg_cv_json_c_LIBS='-L/mnt/c/Github/metal/ct/install/lib -ljson-c'

## ----------------- ##
## Output variables. ##
## ----------------- ##

ACLOCAL='${SHELL} /mnt/c/Github/metal/ct/certificate-transparency/missing aclocal-1.15'
AMDEPBACKSLASH='\'
AMDEP_FALSE='#'
AMDEP_TRUE=''
AMTAR='$${TAR-tar}'
AM_BACKSLASH='\'
AM_DEFAULT_V='$(AM_DEFAULT_VERBOSITY)'
AM_DEFAULT_VERBOSITY='0'
AM_V='$(V)'
AR='ar'
AUTOCONF='${SHELL} /mnt/c/Github/metal/ct/certificate-transparency/missing autoconf'
AUTOHEADER='${SHELL} /mnt/c/Github/metal/ct/certificate-transparency/missing autoheader'
AUTOMAKE='${SHELL} /mnt/c/Github/metal/ct/certificate-transparency/missing automake-1.15'
AWK='gawk'
CC='clang'
CCDEPMODE='depmode=gcc3'
CFLAGS='-g -O2 -Qunused-arguments -fstack-protector-all -fPIC -Wa,--noexecstack -Wformat -Wformat-security'
CPP='clang -E'
CPPFLAGS='-I/mnt/c/Github/metal/ct/install/include -I/mnt/c/Github/metal/ct/certificate-transparency/third_party/objecthash  -D_FORTIFY_SOURCE=2'
CXX='clang++'
CXXCPP='clang++ -E'
CXXDEPMODE='depmode=gcc3'
CXXFLAGS=' -Wall -Werror  -Qunused-arguments -std=gnu++11 -Qunused-arguments -fstack-protector-all -fPIC -Wa,--noexecstack -Wformat -Wformat-security'
CYGPATH_W='echo'
DEFS='-DHAVE_CONFIG_H'
DEPDIR='.deps'
ECHO_C=''
ECHO_N='-n'
ECHO_T=''
EGREP='/bin/grep -E'
EXEEXT=''
GMOCK_DIR='/mnt/c/Github/metal/ct/googlemock'
GREP='/bin/grep'
GTEST_DIR='/mnt/c/Github/metal/ct/googlemock/gtest'
HAVE_CXX11=''
HAVE_LDNS_FALSE='#'
HAVE_LDNS_TRUE=''
HAVE_OBJECTHASH_FALSE='#'
HAVE_OBJECTHASH_TRUE=''
INSTALL_DATA='${INSTALL} -m 644'
INSTALL_DIR='/mnt/c/Github/metal/ct/install'
INSTALL_PROGRAM='${INSTALL}'
INSTALL_SCRIPT='${INSTALL}'
INSTALL_STRIP_PROGRAM='$(install_sh) -c -s'
LDFLAGS='-L/mnt/c/Github/metal/ct/install/lib -L/mnt/c/Github/metal/ct/certificate-transparency/third_party/objecthash  -Wl,-rpath=/mnt/c/Github/metal/ct/install/lib -pie'
LIBOBJS=''
LIBS='-ltcmalloc -lssl -lcrypto -lglog -lgflags -ldl -lpthread -lresolv -lunwind'
LN_S='ln -s'
LTLIBOBJS=''
MAKEINFO='${SHELL} /mnt/c/Github/metal/ct/certificate-transparency/missing makeinfo'
MKDIR_P='/bin/mkdir -p'
OBJEXT='o'
OPENSSL_IS_BORINGSSL_FALSE=''
OPENSSL_IS_BORINGSSL_TRUE='#'
PACKAGE='certificate-transparency'
PACKAGE_BUGREPORT='certificate-transparency@googlegroups.com'
PACKAGE_NAME='certificate-transparency'
PACKAGE_STRING='certificate-transparency 0.9'
PACKAGE_TARNAME='certificate-transparency'
PACKAGE_URL=''
PACKAGE_VERSION='0.9'
PATH_SEPARATOR=':'
PKG_CONFIG='/usr/bin/pkg-config'
PKG_CONFIG_LIBDIR=''
PKG_CONFIG_PATH='/mnt/c/Github/metal/ct/install/lib/pkgconfig'
PROTOC='/mnt/c/Github/metal/ct/install/bin/protoc'
RANLIB='ranlib'
SET_MAKE=''
SHELL='/bin/bash'
STRIP=''
VERSION='0.9'
ac_ct_AR='ar'
ac_ct_CC='clang'
ac_ct_CXX=''
am__EXEEXT_FALSE=''
am__EXEEXT_TRUE='#'
am__fastdepCC_FALSE='#'
am__fastdepCC_TRUE=''
am__fastdepCXX_FALSE='#'
am__fastdepCXX_TRUE=''
am__include='include'
am__isrc=''
am__leading_dot='.'
am__nodep='_no'
am__quote=''
am__tar='$${TAR-tar} chof - "$$tardir"'
am__untar='$${TAR-tar} xf -'
bindir='${exec_prefix}/bin'
build_alias=''
datadir='${datarootdir}'
datarootdir='${prefix}/share'
docdir='${datarootdir}/doc/${PACKAGE_TARNAME}'
dvidir='${docdir}'
evhtp_CFLAGS='-I/mnt/c/Github/metal/ct/install/include/evhtp'
evhtp_LIBS='-L/mnt/c/Github/metal/ct/install/lib -levhtp'
exec_prefix='${prefix}'
host_alias=''
htmldir='${docdir}'
includedir='${prefix}/include'
infodir='${datarootdir}/info'
install_sh='${SHELL} /mnt/c/Github/metal/ct/certificate-transparency/install-sh'
json_c_CFLAGS='-I/mnt/c/Github/metal/ct/install/include/json-c'
json_c_LIBS='-L/mnt/c/Github/metal/ct/install/lib -ljson-c'
leveldb_LIBS='-lleveldb -lsnappy '
libdir='${exec_prefix}/lib'
libevent_LIBS='-levent_openssl -levent_pthreads -levent '
libexecdir='${exec_prefix}/libexec'
localedir='${datarootdir}/locale'
localstatedir='${prefix}/var'
mandir='${datarootdir}/man'
mkdir_p='$(MKDIR_P)'
oldincludedir='/usr/include'
pdfdir='${docdir}'
prefix='/usr/local'
program_transform_name='s,x,x,'
psdir='${docdir}'
runstatedir='${localstatedir}/run'
sbindir='${exec_prefix}/sbin'
sharedstatedir='${prefix}/com'
sqlite3_LIBS='-lsqlite3 '
sysconfdir='${prefix}/etc'
target_alias=''

## ----------- ##
## confdefs.h. ##
## ----------- ##

/* confdefs.h */
#define PACKAGE_NAME "certificate-transparency"
#define PACKAGE_TARNAME "certificate-transparency"
#define PACKAGE_VERSION "0.9"
#define PACKAGE_STRING "certificate-transparency 0.9"
#define PACKAGE_BUGREPORT "certificate-transparency@googlegroups.com"
#define PACKAGE_URL ""
#define PACKAGE "certificate-transparency"
#define VERSION "0.9"
#define ENABLE_HARDENING /**/
#define HAVE_SYS_TYPES_H 1
#define HAVE_NETINET_IN_H 1
#define HAVE_ARPA_NAMESER_H 1
#define HAVE_NETDB_H 1
#define HAVE_RESOLV_H 1
#define STDC_HEADERS 1
#define HAVE_SYS_TYPES_H 1
#define HAVE_SYS_STAT_H 1
#define HAVE_STDLIB_H 1
#define HAVE_STRING_H 1
#define HAVE_MEMORY_H 1
#define HAVE_STRINGS_H 1
#define HAVE_INTTYPES_H 1
#define HAVE_STDINT_H 1
#define HAVE_UNISTD_H 1
#define HAVE_ARPA_INET_H 1
#define HAVE_FCNTL_H 1
#define HAVE_LIMITS_H 1
#define HAVE_NETINET_IN_H 1
#define HAVE_STDDEF_H 1
#define HAVE_STDINT_H 1
#define HAVE_STDLIB_H 1
#define HAVE_STRING_H 1
#define HAVE_SYS_SOCKET_H 1
#define HAVE_SYS_TIME_H 1
#define HAVE_UNISTD_H 1
#define HAVE_LEVELDB_FILTER_POLICY_H 1
#define HAVE_LIBTCMALLOC 1
#define HAVE_THREAD_LOCAL 1
#define HAVE_DECL_INADDR_LOOPBACK 1
#define HAVE_FORK 1
#define HAVE_VFORK 1
#define HAVE_WORKING_VFORK 1
#define HAVE_WORKING_FORK 1
#define HAVE_ALARM 1
#define HAVE_GETTIMEOFDAY 1
#define HAVE_MEMSET 1
#define HAVE_MKDIR 1
#define HAVE_SELECT 1
#define HAVE_SOCKET 1
#define HAVE_STRDUP 1
#define HAVE_STRERROR 1
#define HAVE_STRTOL 1
#define TEST_SRCDIR "."

configure: exit 0
